{"D:\\Users\\cesar\\Documents\\GitHub\\fifty-cents-store-front\\src\\index.tsx": {"path":"D:\\Users\\cesar\\Documents\\GitHub\\fifty-cents-store-front\\src\\index.tsx","statementMap":{"0":{"start":{"line":13,"column":21},"end":{"line":15,"column":1}},"1":{"start":{"line":17,"column":0},"end":{"line":34,"column":2}},"2":{"start":{"line":40,"column":0},"end":{"line":40,"column":18}}},"fnMap":{},"branchMap":{},"s":{"0":0,"1":0,"2":0},"f":{},"b":{}}
,"D:\\Users\\cesar\\Documents\\GitHub\\fifty-cents-store-front\\src\\reportWebVitals.ts": {"path":"D:\\Users\\cesar\\Documents\\GitHub\\fifty-cents-store-front\\src\\reportWebVitals.ts","statementMap":{"0":{"start":{"line":3,"column":24},"end":{"line":13,"column":1}},"1":{"start":{"line":4,"column":2},"end":{"line":12,"column":3}},"2":{"start":{"line":5,"column":4},"end":{"line":11,"column":7}},"3":{"start":{"line":6,"column":6},"end":{"line":6,"column":26}},"4":{"start":{"line":7,"column":6},"end":{"line":7,"column":26}},"5":{"start":{"line":8,"column":6},"end":{"line":8,"column":26}},"6":{"start":{"line":9,"column":6},"end":{"line":9,"column":26}},"7":{"start":{"line":10,"column":6},"end":{"line":10,"column":27}}},"fnMap":{"0":{"name":"(anonymous_0)","decl":{"start":{"line":3,"column":24},"end":{"line":3,"column":25}},"loc":{"start":{"line":3,"column":57},"end":{"line":13,"column":1}},"line":3},"1":{"name":"(anonymous_1)","decl":{"start":{"line":5,"column":30},"end":{"line":5,"column":31}},"loc":{"start":{"line":5,"column":79},"end":{"line":11,"column":5}},"line":5}},"branchMap":{"0":{"loc":{"start":{"line":4,"column":2},"end":{"line":12,"column":3}},"type":"if","locations":[{"start":{"line":4,"column":2},"end":{"line":12,"column":3}},{"start":{},"end":{}}],"line":4},"1":{"loc":{"start":{"line":4,"column":6},"end":{"line":4,"column":52}},"type":"binary-expr","locations":[{"start":{"line":4,"column":6},"end":{"line":4,"column":17}},{"start":{"line":4,"column":21},"end":{"line":4,"column":52}}],"line":4}},"s":{"0":0,"1":0,"2":0,"3":0,"4":0,"5":0,"6":0,"7":0},"f":{"0":0,"1":0},"b":{"0":[0,0],"1":[0,0]}}
,"D:\\Users\\cesar\\Documents\\GitHub\\fifty-cents-store-front\\src\\Api\\index.ts": {"path":"D:\\Users\\cesar\\Documents\\GitHub\\fifty-cents-store-front\\src\\Api\\index.ts","statementMap":{"0":{"start":{"line":3,"column":20},"end":{"line":3,"column":25}},"1":{"start":{"line":5,"column":16},"end":{"line":7,"column":46}},"2":{"start":{"line":9,"column":21},"end":{"line":14,"column":2}},"3":{"start":{"line":16,"column":28},"end":{"line":21,"column":2}},"4":{"start":{"line":23,"column":24},"end":{"line":28,"column":2}},"5":{"start":{"line":30,"column":21},"end":{"line":35,"column":2}}},"fnMap":{},"branchMap":{"0":{"loc":{"start":{"line":5,"column":16},"end":{"line":7,"column":46}},"type":"cond-expr","locations":[{"start":{"line":6,"column":4},"end":{"line":6,"column":28}},{"start":{"line":7,"column":4},"end":{"line":7,"column":46}}],"line":5}},"s":{"0":8,"1":8,"2":8,"3":8,"4":8,"5":8},"f":{},"b":{"0":[0,8]},"_coverageSchema":"1a1c01bbd47fc00a2c39e90264f33305004495a9","hash":"146bd646cbc0584a1e8dcd954c56bff5e0158bbe"}
,"D:\\Users\\cesar\\Documents\\GitHub\\fifty-cents-store-front\\src\\Components\\Filters\\index.tsx": {"path":"D:\\Users\\cesar\\Documents\\GitHub\\fifty-cents-store-front\\src\\Components\\Filters\\index.tsx","statementMap":{"0":{"start":{"line":19,"column":6},"end":{"line":19,"column":17}},"1":{"start":{"line":21,"column":20},"end":{"line":33,"column":3}},"2":{"start":{"line":35,"column":20},"end":{"line":53,"column":3}},"3":{"start":{"line":56,"column":24},"end":{"line":58,"column":40}},"4":{"start":{"line":58,"column":24},"end":{"line":58,"column":39}},"5":{"start":{"line":59,"column":4},"end":{"line":59,"column":36}},"6":{"start":{"line":63,"column":24},"end":{"line":63,"column":52}},"7":{"start":{"line":64,"column":4},"end":{"line":64,"column":36}},"8":{"start":{"line":68,"column":24},"end":{"line":70,"column":40}},"9":{"start":{"line":70,"column":24},"end":{"line":70,"column":39}},"10":{"start":{"line":71,"column":4},"end":{"line":71,"column":36}},"11":{"start":{"line":75,"column":24},"end":{"line":75,"column":52}},"12":{"start":{"line":76,"column":4},"end":{"line":76,"column":36}},"13":{"start":{"line":79,"column":2},"end":{"line":174,"column":4}},"14":{"start":{"line":104,"column":12},"end":{"line":131,"column":23}},"15":{"start":{"line":125,"column":18},"end":{"line":127,"column":62}},"16":{"start":{"line":141,"column":12},"end":{"line":168,"column":23}},"17":{"start":{"line":162,"column":18},"end":{"line":164,"column":62}}},"fnMap":{"0":{"name":"Filters","decl":{"start":{"line":13,"column":9},"end":{"line":13,"column":16}},"loc":{"start":{"line":13,"column":19},"end":{"line":175,"column":1}},"line":13},"1":{"name":"removeFilterCategory","decl":{"start":{"line":55,"column":11},"end":{"line":55,"column":31}},"loc":{"start":{"line":55,"column":48},"end":{"line":60,"column":3}},"line":55},"2":{"name":"(anonymous_2)","decl":{"start":{"line":58,"column":14},"end":{"line":58,"column":15}},"loc":{"start":{"line":58,"column":24},"end":{"line":58,"column":39}},"line":58},"3":{"name":"adicionarFilterCategory","decl":{"start":{"line":62,"column":11},"end":{"line":62,"column":34}},"loc":{"start":{"line":62,"column":51},"end":{"line":65,"column":3}},"line":62},"4":{"name":"removeFilterMaterial","decl":{"start":{"line":67,"column":11},"end":{"line":67,"column":31}},"loc":{"start":{"line":67,"column":48},"end":{"line":72,"column":3}},"line":67},"5":{"name":"(anonymous_5)","decl":{"start":{"line":70,"column":14},"end":{"line":70,"column":15}},"loc":{"start":{"line":70,"column":24},"end":{"line":70,"column":39}},"line":70},"6":{"name":"adicionarFilterMaterial","decl":{"start":{"line":74,"column":11},"end":{"line":74,"column":34}},"loc":{"start":{"line":74,"column":51},"end":{"line":77,"column":3}},"line":74},"7":{"name":"(anonymous_7)","decl":{"start":{"line":103,"column":25},"end":{"line":103,"column":26}},"loc":{"start":{"line":104,"column":12},"end":{"line":131,"column":23}},"line":104},"8":{"name":"(anonymous_8)","decl":{"start":{"line":124,"column":26},"end":{"line":124,"column":27}},"loc":{"start":{"line":125,"column":18},"end":{"line":127,"column":62}},"line":125},"9":{"name":"(anonymous_9)","decl":{"start":{"line":140,"column":25},"end":{"line":140,"column":26}},"loc":{"start":{"line":141,"column":12},"end":{"line":168,"column":23}},"line":141},"10":{"name":"(anonymous_10)","decl":{"start":{"line":161,"column":26},"end":{"line":161,"column":27}},"loc":{"start":{"line":162,"column":18},"end":{"line":164,"column":62}},"line":162}},"branchMap":{"0":{"loc":{"start":{"line":122,"column":18},"end":{"line":122,"column":66}},"type":"binary-expr","locations":[{"start":{"line":122,"column":18},"end":{"line":122,"column":58}},{"start":{"line":122,"column":62},"end":{"line":122,"column":66}}],"line":122},"1":{"loc":{"start":{"line":125,"column":18},"end":{"line":127,"column":62}},"type":"cond-expr","locations":[{"start":{"line":126,"column":22},"end":{"line":126,"column":65}},{"start":{"line":127,"column":22},"end":{"line":127,"column":62}}],"line":125},"2":{"loc":{"start":{"line":159,"column":18},"end":{"line":159,"column":66}},"type":"binary-expr","locations":[{"start":{"line":159,"column":18},"end":{"line":159,"column":58}},{"start":{"line":159,"column":62},"end":{"line":159,"column":66}}],"line":159},"3":{"loc":{"start":{"line":162,"column":18},"end":{"line":164,"column":62}},"type":"cond-expr","locations":[{"start":{"line":163,"column":22},"end":{"line":163,"column":65}},{"start":{"line":164,"column":22},"end":{"line":164,"column":62}}],"line":162}},"s":{"0":4,"1":4,"2":4,"3":17,"4":0,"5":17,"6":34,"7":34,"8":11,"9":0,"10":11,"11":22,"12":22,"13":4,"14":68,"15":51,"16":44,"17":33},"f":{"0":4,"1":17,"2":0,"3":34,"4":11,"5":0,"6":22,"7":68,"8":51,"9":44,"10":33},"b":{"0":[68,17],"1":[34,17],"2":[44,11],"3":[22,11]},"_coverageSchema":"1a1c01bbd47fc00a2c39e90264f33305004495a9","hash":"d3b0949c60d926810c34f65ceacad8f2146f51b5"}
,"D:\\Users\\cesar\\Documents\\GitHub\\fifty-cents-store-front\\src\\Components\\Informations\\index.tsx": {"path":"D:\\Users\\cesar\\Documents\\GitHub\\fifty-cents-store-front\\src\\Components\\Informations\\index.tsx","statementMap":{"0":{"start":{"line":15,"column":2},"end":{"line":36,"column":4}}},"fnMap":{"0":{"name":"Informations","decl":{"start":{"line":14,"column":9},"end":{"line":14,"column":21}},"loc":{"start":{"line":14,"column":65},"end":{"line":37,"column":1}},"line":14}},"branchMap":{},"s":{"0":3},"f":{"0":3},"b":{},"_coverageSchema":"1a1c01bbd47fc00a2c39e90264f33305004495a9","hash":"1a6d9f5e278ab2853aa1d97ffcbfb7d4bc42f38e"}
,"D:\\Users\\cesar\\Documents\\GitHub\\fifty-cents-store-front\\src\\Components\\ItemCard\\index.tsx": {"path":"D:\\Users\\cesar\\Documents\\GitHub\\fifty-cents-store-front\\src\\Components\\ItemCard\\index.tsx","statementMap":{"0":{"start":{"line":18,"column":21},"end":{"line":18,"column":36}},"1":{"start":{"line":20,"column":4},"end":{"line":24,"column":5}},"2":{"start":{"line":21,"column":6},"end":{"line":21,"column":21}},"3":{"start":{"line":23,"column":6},"end":{"line":23,"column":19}},"4":{"start":{"line":27,"column":2},"end":{"line":74,"column":4}}},"fnMap":{"0":{"name":"ItemCard","decl":{"start":{"line":17,"column":9},"end":{"line":17,"column":17}},"loc":{"start":{"line":17,"column":52},"end":{"line":75,"column":1}},"line":17},"1":{"name":"switchWidth","decl":{"start":{"line":19,"column":11},"end":{"line":19,"column":22}},"loc":{"start":{"line":19,"column":25},"end":{"line":25,"column":3}},"line":19}},"branchMap":{"0":{"loc":{"start":{"line":20,"column":4},"end":{"line":24,"column":5}},"type":"if","locations":[{"start":{"line":20,"column":4},"end":{"line":24,"column":5}},{"start":{"line":22,"column":11},"end":{"line":24,"column":5}}],"line":20},"1":{"loc":{"start":{"line":39,"column":11},"end":{"line":43,"column":11}},"type":"binary-expr","locations":[{"start":{"line":39,"column":11},"end":{"line":39,"column":31}},{"start":{"line":40,"column":12},"end":{"line":42,"column":20}}],"line":39}},"s":{"0":2,"1":2,"2":2,"3":0,"4":2},"f":{"0":2,"1":2},"b":{"0":[2,0],"1":[2,1]},"_coverageSchema":"1a1c01bbd47fc00a2c39e90264f33305004495a9","hash":"2bf7aca5d24c9f3e7a3be253ffa0862a5e2b42a8"}
,"D:\\Users\\cesar\\Documents\\GitHub\\fifty-cents-store-front\\src\\Components\\ItemCart\\index.tsx": {"path":"D:\\Users\\cesar\\Documents\\GitHub\\fifty-cents-store-front\\src\\Components\\ItemCart\\index.tsx","statementMap":{"0":{"start":{"line":30,"column":2},"end":{"line":71,"column":4}},"1":{"start":{"line":41,"column":12},"end":{"line":45,"column":13}},"2":{"start":{"line":66,"column":12},"end":{"line":66,"column":60}}},"fnMap":{"0":{"name":"ItemCart","decl":{"start":{"line":21,"column":9},"end":{"line":21,"column":17}},"loc":{"start":{"line":29,"column":3},"end":{"line":72,"column":1}},"line":29},"1":{"name":"(anonymous_1)","decl":{"start":{"line":40,"column":20},"end":{"line":40,"column":21}},"loc":{"start":{"line":41,"column":12},"end":{"line":45,"column":13}},"line":41},"2":{"name":"(anonymous_2)","decl":{"start":{"line":65,"column":19},"end":{"line":65,"column":20}},"loc":{"start":{"line":65,"column":25},"end":{"line":67,"column":11}},"line":65}},"branchMap":{},"s":{"0":13,"1":2,"2":3},"f":{"0":13,"1":2,"2":3},"b":{},"_coverageSchema":"1a1c01bbd47fc00a2c39e90264f33305004495a9","hash":"d65993caae7482f6be6ce52c2774df393583f8c3"}
,"D:\\Users\\cesar\\Documents\\GitHub\\fifty-cents-store-front\\src\\Components\\Login\\index.tsx": {"path":"D:\\Users\\cesar\\Documents\\GitHub\\fifty-cents-store-front\\src\\Components\\Login\\index.tsx","statementMap":{"0":{"start":{"line":18,"column":28},"end":{"line":18,"column":48}},"1":{"start":{"line":19,"column":34},"end":{"line":19,"column":54}},"2":{"start":{"line":20,"column":30},"end":{"line":20,"column":49}},"3":{"start":{"line":23,"column":4},"end":{"line":23,"column":23}},"4":{"start":{"line":25,"column":4},"end":{"line":25,"column":17}},"5":{"start":{"line":27,"column":4},"end":{"line":32,"column":5}},"6":{"start":{"line":28,"column":27},"end":{"line":28,"column":58}},"7":{"start":{"line":29,"column":6},"end":{"line":29,"column":30}},"8":{"start":{"line":31,"column":6},"end":{"line":31,"column":21}},"9":{"start":{"line":35,"column":2},"end":{"line":99,"column":4}},"10":{"start":{"line":64,"column":14},"end":{"line":64,"column":43}},"11":{"start":{"line":86,"column":14},"end":{"line":86,"column":46}}},"fnMap":{"0":{"name":"Login","decl":{"start":{"line":17,"column":9},"end":{"line":17,"column":14}},"loc":{"start":{"line":17,"column":41},"end":{"line":100,"column":1}},"line":17},"1":{"name":"handlerSubmit","decl":{"start":{"line":22,"column":17},"end":{"line":22,"column":30}},"loc":{"start":{"line":22,"column":51},"end":{"line":33,"column":3}},"line":22},"2":{"name":"(anonymous_2)","decl":{"start":{"line":63,"column":22},"end":{"line":63,"column":23}},"loc":{"start":{"line":63,"column":33},"end":{"line":65,"column":13}},"line":63},"3":{"name":"(anonymous_3)","decl":{"start":{"line":85,"column":22},"end":{"line":85,"column":23}},"loc":{"start":{"line":85,"column":33},"end":{"line":87,"column":13}},"line":85}},"branchMap":{"0":{"loc":{"start":{"line":27,"column":4},"end":{"line":32,"column":5}},"type":"if","locations":[{"start":{"line":27,"column":4},"end":{"line":32,"column":5}},{"start":{"line":30,"column":11},"end":{"line":32,"column":5}}],"line":27},"1":{"loc":{"start":{"line":27,"column":8},"end":{"line":27,"column":37}},"type":"binary-expr","locations":[{"start":{"line":27,"column":8},"end":{"line":27,"column":19}},{"start":{"line":27,"column":23},"end":{"line":27,"column":37}}],"line":27},"2":{"loc":{"start":{"line":35,"column":9},"end":{"line":99,"column":3}},"type":"cond-expr","locations":[{"start":{"line":36,"column":4},"end":{"line":43,"column":13}},{"start":{"line":45,"column":4},"end":{"line":98,"column":7}}],"line":35}},"s":{"0":13,"1":13,"2":13,"3":1,"4":1,"5":1,"6":1,"7":1,"8":0,"9":13,"10":1,"11":1},"f":{"0":13,"1":1,"2":1,"3":1},"b":{"0":[1,0],"1":[1,1],"2":[1,12]},"_coverageSchema":"1a1c01bbd47fc00a2c39e90264f33305004495a9","hash":"aa42c8dd3ac4fba4d2eb6083bab825ec3b038e94"}
,"D:\\Users\\cesar\\Documents\\GitHub\\fifty-cents-store-front\\src\\Components\\OrderCard\\index.tsx": {"path":"D:\\Users\\cesar\\Documents\\GitHub\\fifty-cents-store-front\\src\\Components\\OrderCard\\index.tsx","statementMap":{"0":{"start":{"line":32,"column":28},"end":{"line":32,"column":39}},"1":{"start":{"line":34,"column":15},"end":{"line":34,"column":48}},"2":{"start":{"line":35,"column":2},"end":{"line":84,"column":4}},"3":{"start":{"line":69,"column":12},"end":{"line":73,"column":19}}},"fnMap":{"0":{"name":"OrderCard","decl":{"start":{"line":31,"column":9},"end":{"line":31,"column":18}},"loc":{"start":{"line":31,"column":67},"end":{"line":85,"column":1}},"line":31},"1":{"name":"(anonymous_1)","decl":{"start":{"line":68,"column":32},"end":{"line":68,"column":33}},"loc":{"start":{"line":69,"column":12},"end":{"line":73,"column":19}},"line":69}},"branchMap":{},"s":{"0":1,"1":1,"2":1,"3":2},"f":{"0":1,"1":2},"b":{},"_coverageSchema":"1a1c01bbd47fc00a2c39e90264f33305004495a9","hash":"8167cbb8935f794845922eaf45a26ddd412a8e67"}
,"D:\\Users\\cesar\\Documents\\GitHub\\fifty-cents-store-front\\src\\Components\\Register\\index.tsx": {"path":"D:\\Users\\cesar\\Documents\\GitHub\\fifty-cents-store-front\\src\\Components\\Register\\index.tsx","statementMap":{"0":{"start":{"line":27,"column":26},"end":{"line":27,"column":46}},"1":{"start":{"line":28,"column":34},"end":{"line":28,"column":54}},"2":{"start":{"line":29,"column":28},"end":{"line":29,"column":48}},"3":{"start":{"line":30,"column":34},"end":{"line":30,"column":54}},"4":{"start":{"line":31,"column":50},"end":{"line":31,"column":70}},"5":{"start":{"line":33,"column":30},"end":{"line":33,"column":41}},"6":{"start":{"line":35,"column":36},"end":{"line":35,"column":51}},"7":{"start":{"line":38,"column":4},"end":{"line":38,"column":23}},"8":{"start":{"line":39,"column":4},"end":{"line":39,"column":17}},"9":{"start":{"line":41,"column":4},"end":{"line":59,"column":5}},"10":{"start":{"line":48,"column":6},"end":{"line":48,"column":26}},"11":{"start":{"line":49,"column":21},"end":{"line":54,"column":8}},"12":{"start":{"line":55,"column":6},"end":{"line":55,"column":24}},"13":{"start":{"line":57,"column":6},"end":{"line":57,"column":21}},"14":{"start":{"line":58,"column":6},"end":{"line":58,"column":25}},"15":{"start":{"line":61,"column":2},"end":{"line":189,"column":4}},"16":{"start":{"line":86,"column":16},"end":{"line":86,"column":44}},"17":{"start":{"line":108,"column":16},"end":{"line":108,"column":48}},"18":{"start":{"line":129,"column":16},"end":{"line":129,"column":45}},"19":{"start":{"line":151,"column":16},"end":{"line":151,"column":48}},"20":{"start":{"line":173,"column":16},"end":{"line":173,"column":56}}},"fnMap":{"0":{"name":"Register","decl":{"start":{"line":26,"column":9},"end":{"line":26,"column":17}},"loc":{"start":{"line":26,"column":47},"end":{"line":190,"column":1}},"line":26},"1":{"name":"handlerSubmit","decl":{"start":{"line":37,"column":17},"end":{"line":37,"column":30}},"loc":{"start":{"line":37,"column":51},"end":{"line":60,"column":3}},"line":37},"2":{"name":"(anonymous_2)","decl":{"start":{"line":85,"column":24},"end":{"line":85,"column":25}},"loc":{"start":{"line":85,"column":35},"end":{"line":87,"column":15}},"line":85},"3":{"name":"(anonymous_3)","decl":{"start":{"line":107,"column":24},"end":{"line":107,"column":25}},"loc":{"start":{"line":107,"column":35},"end":{"line":109,"column":15}},"line":107},"4":{"name":"(anonymous_4)","decl":{"start":{"line":128,"column":24},"end":{"line":128,"column":25}},"loc":{"start":{"line":128,"column":35},"end":{"line":130,"column":15}},"line":128},"5":{"name":"(anonymous_5)","decl":{"start":{"line":150,"column":24},"end":{"line":150,"column":25}},"loc":{"start":{"line":150,"column":35},"end":{"line":152,"column":15}},"line":150},"6":{"name":"(anonymous_6)","decl":{"start":{"line":172,"column":24},"end":{"line":172,"column":25}},"loc":{"start":{"line":172,"column":35},"end":{"line":174,"column":15}},"line":172}},"branchMap":{"0":{"loc":{"start":{"line":41,"column":4},"end":{"line":59,"column":5}},"type":"if","locations":[{"start":{"line":41,"column":4},"end":{"line":59,"column":5}},{"start":{"line":56,"column":11},"end":{"line":59,"column":5}}],"line":41},"1":{"loc":{"start":{"line":42,"column":6},"end":{"line":46,"column":34}},"type":"binary-expr","locations":[{"start":{"line":42,"column":6},"end":{"line":42,"column":16}},{"start":{"line":43,"column":6},"end":{"line":43,"column":20}},{"start":{"line":44,"column":6},"end":{"line":44,"column":17}},{"start":{"line":45,"column":6},"end":{"line":45,"column":20}},{"start":{"line":46,"column":6},"end":{"line":46,"column":34}}],"line":42},"2":{"loc":{"start":{"line":61,"column":9},"end":{"line":189,"column":3}},"type":"cond-expr","locations":[{"start":{"line":62,"column":4},"end":{"line":64,"column":13}},{"start":{"line":66,"column":4},"end":{"line":188,"column":7}}],"line":61}},"s":{"0":11,"1":11,"2":11,"3":11,"4":11,"5":11,"6":11,"7":1,"8":1,"9":1,"10":1,"11":1,"12":1,"13":0,"14":0,"15":11,"16":1,"17":1,"18":1,"19":1,"20":1},"f":{"0":11,"1":1,"2":1,"3":1,"4":1,"5":1,"6":1},"b":{"0":[1,0],"1":[1,1,1,1,1],"2":[1,10]},"_coverageSchema":"1a1c01bbd47fc00a2c39e90264f33305004495a9","hash":"0f038354fb3b3dc0b81c862fef775acf3794d276"}
,"D:\\Users\\cesar\\Documents\\GitHub\\fifty-cents-store-front\\src\\Components\\Search\\index.tsx": {"path":"D:\\Users\\cesar\\Documents\\GitHub\\fifty-cents-store-front\\src\\Components\\Search\\index.tsx","statementMap":{"0":{"start":{"line":13,"column":25},"end":{"line":13,"column":36}},"1":{"start":{"line":14,"column":28},"end":{"line":14,"column":54}},"2":{"start":{"line":17,"column":4},"end":{"line":17,"column":22}},"3":{"start":{"line":20,"column":2},"end":{"line":41,"column":4}},"4":{"start":{"line":28,"column":31},"end":{"line":28,"column":59}}},"fnMap":{"0":{"name":"Search","decl":{"start":{"line":12,"column":9},"end":{"line":12,"column":15}},"loc":{"start":{"line":12,"column":60},"end":{"line":42,"column":1}},"line":12},"1":{"name":"handlerSubmit","decl":{"start":{"line":16,"column":11},"end":{"line":16,"column":24}},"loc":{"start":{"line":16,"column":27},"end":{"line":18,"column":3}},"line":16},"2":{"name":"(anonymous_2)","decl":{"start":{"line":28,"column":20},"end":{"line":28,"column":21}},"loc":{"start":{"line":28,"column":31},"end":{"line":28,"column":59}},"line":28}},"branchMap":{"0":{"loc":{"start":{"line":12,"column":26},"end":{"line":12,"column":43}},"type":"default-arg","locations":[{"start":{"line":12,"column":38},"end":{"line":12,"column":43}}],"line":12}},"s":{"0":5,"1":5,"2":1,"3":5,"4":1},"f":{"0":5,"1":1,"2":1},"b":{"0":[4]},"_coverageSchema":"1a1c01bbd47fc00a2c39e90264f33305004495a9","hash":"f33bbfb6018727098c30746157a5de3010b6ec3d"}
,"D:\\Users\\cesar\\Documents\\GitHub\\fifty-cents-store-front\\src\\Components\\Warnning\\index.tsx": {"path":"D:\\Users\\cesar\\Documents\\GitHub\\fifty-cents-store-front\\src\\Components\\Warnning\\index.tsx","statementMap":{"0":{"start":{"line":17,"column":40},"end":{"line":19,"column":5}},"1":{"start":{"line":20,"column":38},"end":{"line":20,"column":58}},"2":{"start":{"line":22,"column":21},"end":{"line":44,"column":3}},"3":{"start":{"line":46,"column":2},"end":{"line":48,"column":15}},"4":{"start":{"line":47,"column":4},"end":{"line":47,"column":19}},"5":{"start":{"line":51,"column":4},"end":{"line":76,"column":5}},"6":{"start":{"line":53,"column":8},"end":{"line":53,"column":45}},"7":{"start":{"line":54,"column":8},"end":{"line":54,"column":43}},"8":{"start":{"line":55,"column":8},"end":{"line":55,"column":14}},"9":{"start":{"line":58,"column":8},"end":{"line":58,"column":45}},"10":{"start":{"line":59,"column":8},"end":{"line":59,"column":43}},"11":{"start":{"line":60,"column":8},"end":{"line":60,"column":14}},"12":{"start":{"line":63,"column":8},"end":{"line":63,"column":45}},"13":{"start":{"line":64,"column":8},"end":{"line":64,"column":43}},"14":{"start":{"line":65,"column":8},"end":{"line":65,"column":14}},"15":{"start":{"line":68,"column":8},"end":{"line":68,"column":45}},"16":{"start":{"line":69,"column":8},"end":{"line":69,"column":43}},"17":{"start":{"line":70,"column":8},"end":{"line":70,"column":14}},"18":{"start":{"line":73,"column":8},"end":{"line":73,"column":45}},"19":{"start":{"line":74,"column":8},"end":{"line":74,"column":43}},"20":{"start":{"line":75,"column":8},"end":{"line":75,"column":14}},"21":{"start":{"line":79,"column":2},"end":{"line":94,"column":4}},"22":{"start":{"line":91,"column":23},"end":{"line":91,"column":35}}},"fnMap":{"0":{"name":"Warnning","decl":{"start":{"line":16,"column":9},"end":{"line":16,"column":17}},"loc":{"start":{"line":16,"column":64},"end":{"line":95,"column":1}},"line":16},"1":{"name":"(anonymous_1)","decl":{"start":{"line":46,"column":12},"end":{"line":46,"column":13}},"loc":{"start":{"line":46,"column":18},"end":{"line":48,"column":3}},"line":46},"2":{"name":"switchStatus","decl":{"start":{"line":50,"column":11},"end":{"line":50,"column":23}},"loc":{"start":{"line":50,"column":26},"end":{"line":77,"column":3}},"line":50},"3":{"name":"(anonymous_3)","decl":{"start":{"line":91,"column":17},"end":{"line":91,"column":18}},"loc":{"start":{"line":91,"column":23},"end":{"line":91,"column":35}},"line":91}},"branchMap":{"0":{"loc":{"start":{"line":51,"column":4},"end":{"line":76,"column":5}},"type":"switch","locations":[{"start":{"line":52,"column":6},"end":{"line":55,"column":14}},{"start":{"line":57,"column":6},"end":{"line":60,"column":14}},{"start":{"line":62,"column":6},"end":{"line":65,"column":14}},{"start":{"line":67,"column":6},"end":{"line":70,"column":14}},{"start":{"line":72,"column":6},"end":{"line":75,"column":14}}],"line":51},"1":{"loc":{"start":{"line":79,"column":9},"end":{"line":94,"column":3}},"type":"cond-expr","locations":[{"start":{"line":80,"column":4},"end":{"line":80,"column":9}},{"start":{"line":82,"column":4},"end":{"line":93,"column":12}}],"line":79},"2":{"loc":{"start":{"line":79,"column":9},"end":{"line":79,"column":39}},"type":"binary-expr","locations":[{"start":{"line":79,"column":9},"end":{"line":79,"column":21}},{"start":{"line":79,"column":25},"end":{"line":79,"column":39}}],"line":79}},"s":{"0":34,"1":34,"2":34,"3":34,"4":21,"5":21,"6":2,"7":2,"8":2,"9":1,"10":1,"11":1,"12":1,"13":1,"14":1,"15":1,"16":1,"17":1,"18":1,"19":1,"20":1,"21":34,"22":1},"f":{"0":34,"1":21,"2":21,"3":1},"b":{"0":[2,1,1,1,1],"1":[22,12],"2":[34,14]},"_coverageSchema":"1a1c01bbd47fc00a2c39e90264f33305004495a9","hash":"083dbe2ab80f7ff2f3bbe26d3befdf54919176a4"}
,"D:\\Users\\cesar\\Documents\\GitHub\\fifty-cents-store-front\\src\\Containers\\Cart\\index.tsx": {"path":"D:\\Users\\cesar\\Documents\\GitHub\\fifty-cents-store-front\\src\\Containers\\Cart\\index.tsx","statementMap":{"0":{"start":{"line":27,"column":54},"end":{"line":27,"column":65}},"1":{"start":{"line":29,"column":23},"end":{"line":29,"column":32}},"2":{"start":{"line":30,"column":19},"end":{"line":30,"column":32}},"3":{"start":{"line":32,"column":38},"end":{"line":32,"column":53}},"4":{"start":{"line":35,"column":21},"end":{"line":41,"column":6}},"5":{"start":{"line":36,"column":6},"end":{"line":40,"column":7}},"6":{"start":{"line":37,"column":8},"end":{"line":37,"column":21}},"7":{"start":{"line":39,"column":8},"end":{"line":39,"column":20}},"8":{"start":{"line":42,"column":4},"end":{"line":42,"column":27}},"9":{"start":{"line":46,"column":21},"end":{"line":58,"column":6}},"10":{"start":{"line":47,"column":6},"end":{"line":57,"column":7}},"11":{"start":{"line":48,"column":8},"end":{"line":54,"column":10}},"12":{"start":{"line":56,"column":8},"end":{"line":56,"column":20}},"13":{"start":{"line":60,"column":4},"end":{"line":60,"column":27}},"14":{"start":{"line":63,"column":2},"end":{"line":159,"column":4}},"15":{"start":{"line":70,"column":23},"end":{"line":70,"column":31}},"16":{"start":{"line":126,"column":16},"end":{"line":131,"column":18}},"17":{"start":{"line":143,"column":16},"end":{"line":143,"column":26}},"18":{"start":{"line":144,"column":16},"end":{"line":144,"column":38}}},"fnMap":{"0":{"name":"Cart","decl":{"start":{"line":26,"column":9},"end":{"line":26,"column":13}},"loc":{"start":{"line":26,"column":16},"end":{"line":160,"column":1}},"line":26},"1":{"name":"removeItem","decl":{"start":{"line":34,"column":11},"end":{"line":34,"column":21}},"loc":{"start":{"line":34,"column":57},"end":{"line":43,"column":3}},"line":34},"2":{"name":"(anonymous_2)","decl":{"start":{"line":35,"column":46},"end":{"line":35,"column":47}},"loc":{"start":{"line":35,"column":56},"end":{"line":41,"column":5}},"line":35},"3":{"name":"setItemQuantity","decl":{"start":{"line":45,"column":11},"end":{"line":45,"column":26}},"loc":{"start":{"line":45,"column":77},"end":{"line":61,"column":3}},"line":45},"4":{"name":"(anonymous_4)","decl":{"start":{"line":46,"column":36},"end":{"line":46,"column":37}},"loc":{"start":{"line":46,"column":46},"end":{"line":58,"column":5}},"line":46},"5":{"name":"(anonymous_5)","decl":{"start":{"line":70,"column":17},"end":{"line":70,"column":18}},"loc":{"start":{"line":70,"column":23},"end":{"line":70,"column":31}},"line":70},"6":{"name":"(anonymous_6)","decl":{"start":{"line":125,"column":30},"end":{"line":125,"column":31}},"loc":{"start":{"line":126,"column":16},"end":{"line":131,"column":18}},"line":126},"7":{"name":"(anonymous_7)","decl":{"start":{"line":142,"column":23},"end":{"line":142,"column":24}},"loc":{"start":{"line":142,"column":29},"end":{"line":145,"column":15}},"line":142}},"branchMap":{"0":{"loc":{"start":{"line":36,"column":6},"end":{"line":40,"column":7}},"type":"if","locations":[{"start":{"line":36,"column":6},"end":{"line":40,"column":7}},{"start":{"line":38,"column":13},"end":{"line":40,"column":7}}],"line":36},"1":{"loc":{"start":{"line":36,"column":10},"end":{"line":36,"column":64}},"type":"binary-expr","locations":[{"start":{"line":36,"column":10},"end":{"line":36,"column":38}},{"start":{"line":36,"column":42},"end":{"line":36,"column":64}}],"line":36},"2":{"loc":{"start":{"line":47,"column":6},"end":{"line":57,"column":7}},"type":"if","locations":[{"start":{"line":47,"column":6},"end":{"line":57,"column":7}},{"start":{"line":55,"column":13},"end":{"line":57,"column":7}}],"line":47},"3":{"loc":{"start":{"line":47,"column":10},"end":{"line":47,"column":64}},"type":"binary-expr","locations":[{"start":{"line":47,"column":10},"end":{"line":47,"column":32}},{"start":{"line":47,"column":36},"end":{"line":47,"column":64}}],"line":47}},"s":{"0":22,"1":22,"2":22,"3":22,"4":2,"5":4,"6":2,"7":2,"8":2,"9":1,"10":2,"11":1,"12":1,"13":1,"14":22,"15":5,"16":32,"17":1,"18":1},"f":{"0":22,"1":2,"2":4,"3":1,"4":2,"5":5,"6":32,"7":1},"b":{"0":[2,2],"1":[4,2],"2":[1,1],"3":[2,2]},"_coverageSchema":"1a1c01bbd47fc00a2c39e90264f33305004495a9","hash":"603c21153ba276d4079babd8a8468a4ed93b7184"}
,"D:\\Users\\cesar\\Documents\\GitHub\\fifty-cents-store-front\\src\\Containers\\DrawerFilter\\index.tsx": {"path":"D:\\Users\\cesar\\Documents\\GitHub\\fifty-cents-store-front\\src\\Containers\\DrawerFilter\\index.tsx","statementMap":{"0":{"start":{"line":12,"column":38},"end":{"line":12,"column":53}},"1":{"start":{"line":13,"column":2},"end":{"line":32,"column":4}}},"fnMap":{"0":{"name":"DrawerFilter","decl":{"start":{"line":11,"column":9},"end":{"line":11,"column":21}},"loc":{"start":{"line":11,"column":24},"end":{"line":33,"column":1}},"line":11}},"branchMap":{},"s":{"0":3,"1":3},"f":{"0":3},"b":{},"_coverageSchema":"1a1c01bbd47fc00a2c39e90264f33305004495a9","hash":"2af5b4a77b39985eaf2156ae76f15affadd0c291"}
,"D:\\Users\\cesar\\Documents\\GitHub\\fifty-cents-store-front\\src\\Containers\\Header\\index.tsx": {"path":"D:\\Users\\cesar\\Documents\\GitHub\\fifty-cents-store-front\\src\\Containers\\Header\\index.tsx","statementMap":{"0":{"start":{"line":12,"column":19},"end":{"line":12,"column":32}},"1":{"start":{"line":13,"column":21},"end":{"line":13,"column":36}},"2":{"start":{"line":14,"column":34},"end":{"line":14,"column":49}},"3":{"start":{"line":17,"column":4},"end":{"line":21,"column":5}},"4":{"start":{"line":18,"column":6},"end":{"line":18,"column":19}},"5":{"start":{"line":20,"column":6},"end":{"line":20,"column":20}},"6":{"start":{"line":24,"column":2},"end":{"line":62,"column":4}},"7":{"start":{"line":35,"column":52},"end":{"line":35,"column":65}},"8":{"start":{"line":40,"column":47},"end":{"line":40,"column":65}},"9":{"start":{"line":54,"column":29},"end":{"line":54,"column":46}}},"fnMap":{"0":{"name":"Header","decl":{"start":{"line":11,"column":9},"end":{"line":11,"column":15}},"loc":{"start":{"line":11,"column":18},"end":{"line":63,"column":1}},"line":11},"1":{"name":"switchWidth","decl":{"start":{"line":16,"column":11},"end":{"line":16,"column":22}},"loc":{"start":{"line":16,"column":25},"end":{"line":22,"column":3}},"line":16},"2":{"name":"(anonymous_2)","decl":{"start":{"line":35,"column":46},"end":{"line":35,"column":47}},"loc":{"start":{"line":35,"column":52},"end":{"line":35,"column":65}},"line":35},"3":{"name":"(anonymous_3)","decl":{"start":{"line":40,"column":41},"end":{"line":40,"column":42}},"loc":{"start":{"line":40,"column":47},"end":{"line":40,"column":65}},"line":40},"4":{"name":"(anonymous_4)","decl":{"start":{"line":54,"column":23},"end":{"line":54,"column":24}},"loc":{"start":{"line":54,"column":29},"end":{"line":54,"column":46}},"line":54}},"branchMap":{"0":{"loc":{"start":{"line":17,"column":4},"end":{"line":21,"column":5}},"type":"if","locations":[{"start":{"line":17,"column":4},"end":{"line":21,"column":5}},{"start":{"line":19,"column":11},"end":{"line":21,"column":5}}],"line":17},"1":{"loc":{"start":{"line":29,"column":17},"end":{"line":29,"column":62}},"type":"cond-expr","locations":[{"start":{"line":29,"column":44},"end":{"line":29,"column":50}},{"start":{"line":29,"column":53},"end":{"line":29,"column":62}}],"line":29},"2":{"loc":{"start":{"line":39,"column":7},"end":{"line":60,"column":7}},"type":"cond-expr","locations":[{"start":{"line":40,"column":8},"end":{"line":40,"column":69}},{"start":{"line":42,"column":8},"end":{"line":59,"column":11}}],"line":39},"3":{"loc":{"start":{"line":43,"column":11},"end":{"line":56,"column":11}},"type":"cond-expr","locations":[{"start":{"line":44,"column":12},"end":{"line":44,"column":22}},{"start":{"line":46,"column":12},"end":{"line":55,"column":14}}],"line":43}},"s":{"0":4,"1":4,"2":4,"3":4,"4":1,"5":3,"6":4,"7":0,"8":0,"9":1},"f":{"0":4,"1":4,"2":0,"3":0,"4":1},"b":{"0":[1,3],"1":[1,3],"2":[1,3],"3":[1,2]},"_coverageSchema":"1a1c01bbd47fc00a2c39e90264f33305004495a9","hash":"255d475b42efafda16adec6aa9b5cafd4a4f32e1"}
,"D:\\Users\\cesar\\Documents\\GitHub\\fifty-cents-store-front\\src\\Containers\\User\\index.tsx": {"path":"D:\\Users\\cesar\\Documents\\GitHub\\fifty-cents-store-front\\src\\Containers\\User\\index.tsx","statementMap":{"0":{"start":{"line":23,"column":32},"end":{"line":23,"column":46}},"1":{"start":{"line":25,"column":4},"end":{"line":25,"column":13}},"2":{"start":{"line":27,"column":2},"end":{"line":92,"column":4}},"3":{"start":{"line":64,"column":57},"end":{"line":64,"column":77}},"4":{"start":{"line":74,"column":57},"end":{"line":74,"column":77}}},"fnMap":{"0":{"name":"User","decl":{"start":{"line":22,"column":9},"end":{"line":22,"column":13}},"loc":{"start":{"line":22,"column":16},"end":{"line":93,"column":1}},"line":22},"1":{"name":"(anonymous_1)","decl":{"start":{"line":64,"column":51},"end":{"line":64,"column":52}},"loc":{"start":{"line":64,"column":57},"end":{"line":64,"column":77}},"line":64},"2":{"name":"(anonymous_2)","decl":{"start":{"line":74,"column":51},"end":{"line":74,"column":52}},"loc":{"start":{"line":74,"column":57},"end":{"line":74,"column":77}},"line":74}},"branchMap":{"0":{"loc":{"start":{"line":43,"column":19},"end":{"line":43,"column":54}},"type":"cond-expr","locations":[{"start":{"line":43,"column":30},"end":{"line":43,"column":39}},{"start":{"line":43,"column":42},"end":{"line":43,"column":54}}],"line":43},"1":{"loc":{"start":{"line":54,"column":13},"end":{"line":78,"column":13}},"type":"cond-expr","locations":[{"start":{"line":55,"column":14},"end":{"line":57,"column":21}},{"start":{"line":58,"column":16},"end":{"line":78,"column":13}}],"line":54},"2":{"loc":{"start":{"line":58,"column":16},"end":{"line":78,"column":13}},"type":"cond-expr","locations":[{"start":{"line":59,"column":14},"end":{"line":67,"column":17}},{"start":{"line":69,"column":14},"end":{"line":77,"column":17}}],"line":58},"3":{"loc":{"start":{"line":82,"column":11},"end":{"line":88,"column":11}},"type":"cond-expr","locations":[{"start":{"line":83,"column":12},"end":{"line":83,"column":73}},{"start":{"line":84,"column":14},"end":{"line":88,"column":11}}],"line":82},"4":{"loc":{"start":{"line":84,"column":14},"end":{"line":88,"column":11}},"type":"cond-expr","locations":[{"start":{"line":85,"column":12},"end":{"line":85,"column":45}},{"start":{"line":87,"column":12},"end":{"line":87,"column":51}}],"line":84}},"s":{"0":10,"1":10,"2":10,"3":2,"4":1},"f":{"0":10,"1":2,"2":1},"b":{"0":[1,9],"1":[1,9],"2":[7,2],"3":[1,9],"4":[7,2]},"_coverageSchema":"1a1c01bbd47fc00a2c39e90264f33305004495a9","hash":"e4482ce0bde4cd0dafdace635fa4369e6353a9fd"}
,"D:\\Users\\cesar\\Documents\\GitHub\\fifty-cents-store-front\\src\\Context\\Auth\\AuthContext.tsx": {"path":"D:\\Users\\cesar\\Documents\\GitHub\\fifty-cents-store-front\\src\\Context\\Auth\\AuthContext.tsx","statementMap":{"0":{"start":{"line":22,"column":27},"end":{"line":22,"column":63}},"1":{"start":{"line":40,"column":19},"end":{"line":40,"column":32}},"2":{"start":{"line":41,"column":44},"end":{"line":41,"column":56}},"3":{"start":{"line":42,"column":34},"end":{"line":47,"column":4}},"4":{"start":{"line":48,"column":34},"end":{"line":48,"column":49}},"5":{"start":{"line":49,"column":28},"end":{"line":49,"column":50}},"6":{"start":{"line":51,"column":2},"end":{"line":53,"column":9}},"7":{"start":{"line":52,"column":4},"end":{"line":52,"column":22}},"8":{"start":{"line":56,"column":4},"end":{"line":58,"column":5}},"9":{"start":{"line":57,"column":6},"end":{"line":57,"column":24}},"10":{"start":{"line":62,"column":29},"end":{"line":78,"column":8}},"11":{"start":{"line":68,"column":8},"end":{"line":71,"column":10}},"12":{"start":{"line":74,"column":8},"end":{"line":77,"column":10}},"13":{"start":{"line":80,"column":4},"end":{"line":89,"column":5}},"14":{"start":{"line":81,"column":6},"end":{"line":81,"column":24}},"15":{"start":{"line":82,"column":6},"end":{"line":82,"column":27}},"16":{"start":{"line":83,"column":6},"end":{"line":83,"column":37}},"17":{"start":{"line":84,"column":6},"end":{"line":84,"column":35}},"18":{"start":{"line":85,"column":6},"end":{"line":85,"column":37}},"19":{"start":{"line":86,"column":6},"end":{"line":86,"column":43}},"20":{"start":{"line":87,"column":6},"end":{"line":87,"column":33}},"21":{"start":{"line":88,"column":6},"end":{"line":88,"column":24}},"22":{"start":{"line":91,"column":4},"end":{"line":91,"column":18}},"23":{"start":{"line":95,"column":4},"end":{"line":95,"column":26}},"24":{"start":{"line":96,"column":4},"end":{"line":96,"column":25}},"25":{"start":{"line":97,"column":4},"end":{"line":97,"column":26}},"26":{"start":{"line":98,"column":4},"end":{"line":98,"column":29}},"27":{"start":{"line":99,"column":4},"end":{"line":99,"column":24}},"28":{"start":{"line":100,"column":4},"end":{"line":100,"column":27}},"29":{"start":{"line":101,"column":4},"end":{"line":101,"column":23}},"30":{"start":{"line":102,"column":4},"end":{"line":102,"column":18}},"31":{"start":{"line":106,"column":29},"end":{"line":124,"column":8}},"32":{"start":{"line":114,"column":8},"end":{"line":117,"column":10}},"33":{"start":{"line":120,"column":8},"end":{"line":123,"column":10}},"34":{"start":{"line":126,"column":4},"end":{"line":135,"column":5}},"35":{"start":{"line":127,"column":6},"end":{"line":127,"column":24}},"36":{"start":{"line":128,"column":6},"end":{"line":128,"column":27}},"37":{"start":{"line":129,"column":6},"end":{"line":129,"column":37}},"38":{"start":{"line":130,"column":6},"end":{"line":130,"column":35}},"39":{"start":{"line":131,"column":6},"end":{"line":131,"column":37}},"40":{"start":{"line":132,"column":6},"end":{"line":132,"column":43}},"41":{"start":{"line":133,"column":6},"end":{"line":133,"column":33}},"42":{"start":{"line":134,"column":6},"end":{"line":134,"column":24}},"43":{"start":{"line":137,"column":4},"end":{"line":137,"column":18}},"44":{"start":{"line":140,"column":2},"end":{"line":153,"column":4}},"45":{"start":{"line":156,"column":23},"end":{"line":156,"column":52}},"46":{"start":{"line":156,"column":29},"end":{"line":156,"column":52}}},"fnMap":{"0":{"name":"AuthProvider","decl":{"start":{"line":39,"column":16},"end":{"line":39,"column":28}},"loc":{"start":{"line":39,"column":62},"end":{"line":154,"column":1}},"line":39},"1":{"name":"(anonymous_1)","decl":{"start":{"line":51,"column":12},"end":{"line":51,"column":13}},"loc":{"start":{"line":51,"column":18},"end":{"line":53,"column":3}},"line":51},"2":{"name":"RetrieveSection","decl":{"start":{"line":55,"column":11},"end":{"line":55,"column":26}},"loc":{"start":{"line":55,"column":29},"end":{"line":59,"column":3}},"line":55},"3":{"name":"handlerLogin","decl":{"start":{"line":61,"column":17},"end":{"line":61,"column":29}},"loc":{"start":{"line":61,"column":63},"end":{"line":92,"column":3}},"line":61},"4":{"name":"(anonymous_4)","decl":{"start":{"line":67,"column":12},"end":{"line":67,"column":13}},"loc":{"start":{"line":67,"column":24},"end":{"line":72,"column":7}},"line":67},"5":{"name":"(anonymous_5)","decl":{"start":{"line":73,"column":13},"end":{"line":73,"column":14}},"loc":{"start":{"line":73,"column":32},"end":{"line":78,"column":7}},"line":73},"6":{"name":"handlerLogout","decl":{"start":{"line":94,"column":11},"end":{"line":94,"column":24}},"loc":{"start":{"line":94,"column":27},"end":{"line":103,"column":3}},"line":94},"7":{"name":"handlerRegister","decl":{"start":{"line":105,"column":17},"end":{"line":105,"column":32}},"loc":{"start":{"line":105,"column":57},"end":{"line":138,"column":3}},"line":105},"8":{"name":"(anonymous_8)","decl":{"start":{"line":113,"column":12},"end":{"line":113,"column":13}},"loc":{"start":{"line":113,"column":24},"end":{"line":118,"column":7}},"line":113},"9":{"name":"(anonymous_9)","decl":{"start":{"line":119,"column":13},"end":{"line":119,"column":14}},"loc":{"start":{"line":119,"column":32},"end":{"line":124,"column":7}},"line":119},"10":{"name":"(anonymous_10)","decl":{"start":{"line":156,"column":23},"end":{"line":156,"column":24}},"loc":{"start":{"line":156,"column":29},"end":{"line":156,"column":52}},"line":156}},"branchMap":{"0":{"loc":{"start":{"line":56,"column":4},"end":{"line":58,"column":5}},"type":"if","locations":[{"start":{"line":56,"column":4},"end":{"line":58,"column":5}},{"start":{},"end":{}}],"line":56},"1":{"loc":{"start":{"line":75,"column":18},"end":{"line":75,"column":61}},"type":"cond-expr","locations":[{"start":{"line":75,"column":39},"end":{"line":75,"column":57}},{"start":{"line":75,"column":60},"end":{"line":75,"column":61}}],"line":75},"2":{"loc":{"start":{"line":80,"column":4},"end":{"line":89,"column":5}},"type":"if","locations":[{"start":{"line":80,"column":4},"end":{"line":89,"column":5}},{"start":{},"end":{}}],"line":80},"3":{"loc":{"start":{"line":121,"column":18},"end":{"line":121,"column":61}},"type":"cond-expr","locations":[{"start":{"line":121,"column":39},"end":{"line":121,"column":57}},{"start":{"line":121,"column":60},"end":{"line":121,"column":61}}],"line":121},"4":{"loc":{"start":{"line":126,"column":4},"end":{"line":135,"column":5}},"type":"if","locations":[{"start":{"line":126,"column":4},"end":{"line":135,"column":5}},{"start":{},"end":{}}],"line":126}},"s":{"0":7,"1":12,"2":12,"3":12,"4":12,"5":12,"6":12,"7":5,"8":5,"9":0,"10":2,"11":1,"12":1,"13":2,"14":1,"15":1,"16":1,"17":1,"18":1,"19":1,"20":1,"21":1,"22":2,"23":1,"24":1,"25":1,"26":1,"27":1,"28":1,"29":1,"30":1,"31":2,"32":1,"33":1,"34":2,"35":1,"36":1,"37":1,"38":1,"39":1,"40":1,"41":1,"42":1,"43":2,"44":12,"45":7,"46":21},"f":{"0":12,"1":5,"2":5,"3":2,"4":1,"5":1,"6":1,"7":2,"8":1,"9":1,"10":21},"b":{"0":[0,5],"1":[0,1],"2":[1,1],"3":[0,1],"4":[1,1]},"_coverageSchema":"1a1c01bbd47fc00a2c39e90264f33305004495a9","hash":"46dc1b4af84529bd0348eae3b59a3540bdcc0f1d"}
,"D:\\Users\\cesar\\Documents\\GitHub\\fifty-cents-store-front\\src\\Context\\Global\\GlobalContext.tsx": {"path":"D:\\Users\\cesar\\Documents\\GitHub\\fifty-cents-store-front\\src\\Context\\Global\\GlobalContext.tsx","statementMap":{"0":{"start":{"line":24,"column":29},"end":{"line":24,"column":67}},"1":{"start":{"line":74,"column":30},"end":{"line":74,"column":39}},"2":{"start":{"line":76,"column":34},"end":{"line":76,"column":71}},"3":{"start":{"line":78,"column":48},"end":{"line":78,"column":70}},"4":{"start":{"line":79,"column":48},"end":{"line":79,"column":70}},"5":{"start":{"line":80,"column":32},"end":{"line":80,"column":44}},"6":{"start":{"line":81,"column":36},"end":{"line":81,"column":69}},"7":{"start":{"line":82,"column":46},"end":{"line":82,"column":65}},"8":{"start":{"line":84,"column":2},"end":{"line":88,"column":50}},"9":{"start":{"line":85,"column":4},"end":{"line":87,"column":5}},"10":{"start":{"line":86,"column":6},"end":{"line":86,"column":18}},"11":{"start":{"line":91,"column":18},"end":{"line":91,"column":35}},"12":{"start":{"line":92,"column":19},"end":{"line":92,"column":24}},"13":{"start":{"line":94,"column":4},"end":{"line":109,"column":5}},"14":{"start":{"line":95,"column":6},"end":{"line":108,"column":8}},"15":{"start":{"line":96,"column":8},"end":{"line":106,"column":9}},"16":{"start":{"line":97,"column":30},"end":{"line":103,"column":11}},"17":{"start":{"line":104,"column":10},"end":{"line":104,"column":23}},"18":{"start":{"line":105,"column":10},"end":{"line":105,"column":29}},"19":{"start":{"line":107,"column":8},"end":{"line":107,"column":24}},"20":{"start":{"line":111,"column":4},"end":{"line":111,"column":69}},"21":{"start":{"line":114,"column":2},"end":{"line":116,"column":18}},"22":{"start":{"line":115,"column":4},"end":{"line":115,"column":24}},"23":{"start":{"line":119,"column":16},"end":{"line":119,"column":17}},"24":{"start":{"line":120,"column":4},"end":{"line":120,"column":58}},"25":{"start":{"line":120,"column":29},"end":{"line":120,"column":55}},"26":{"start":{"line":121,"column":4},"end":{"line":121,"column":29}},"27":{"start":{"line":125,"column":28},"end":{"line":125,"column":55}},"28":{"start":{"line":126,"column":26},"end":{"line":126,"column":52}},"29":{"start":{"line":128,"column":4},"end":{"line":131,"column":5}},"30":{"start":{"line":129,"column":26},"end":{"line":129,"column":64}},"31":{"start":{"line":130,"column":6},"end":{"line":130,"column":38}},"32":{"start":{"line":132,"column":4},"end":{"line":132,"column":27}},"33":{"start":{"line":136,"column":21},"end":{"line":156,"column":8}},"34":{"start":{"line":146,"column":8},"end":{"line":149,"column":10}},"35":{"start":{"line":152,"column":8},"end":{"line":155,"column":10}},"36":{"start":{"line":158,"column":4},"end":{"line":158,"column":33}},"37":{"start":{"line":162,"column":21},"end":{"line":180,"column":8}},"38":{"start":{"line":170,"column":8},"end":{"line":173,"column":10}},"39":{"start":{"line":176,"column":8},"end":{"line":179,"column":10}},"40":{"start":{"line":182,"column":4},"end":{"line":182,"column":31}},"41":{"start":{"line":186,"column":29},"end":{"line":206,"column":8}},"42":{"start":{"line":196,"column":8},"end":{"line":199,"column":10}},"43":{"start":{"line":202,"column":8},"end":{"line":205,"column":10}},"44":{"start":{"line":207,"column":4},"end":{"line":207,"column":54}},"45":{"start":{"line":211,"column":23},"end":{"line":234,"column":8}},"46":{"start":{"line":226,"column":8},"end":{"line":228,"column":10}},"47":{"start":{"line":231,"column":8},"end":{"line":233,"column":10}},"48":{"start":{"line":235,"column":4},"end":{"line":235,"column":18}},"49":{"start":{"line":238,"column":2},"end":{"line":259,"column":4}},"50":{"start":{"line":262,"column":25},"end":{"line":262,"column":56}},"51":{"start":{"line":262,"column":31},"end":{"line":262,"column":56}}},"fnMap":{"0":{"name":"GlobalProvider","decl":{"start":{"line":73,"column":16},"end":{"line":73,"column":30}},"loc":{"start":{"line":73,"column":66},"end":{"line":260,"column":1}},"line":73},"1":{"name":"(anonymous_1)","decl":{"start":{"line":84,"column":10},"end":{"line":84,"column":11}},"loc":{"start":{"line":84,"column":16},"end":{"line":88,"column":3}},"line":84},"2":{"name":"addItemtoCart","decl":{"start":{"line":90,"column":11},"end":{"line":90,"column":24}},"loc":{"start":{"line":90,"column":45},"end":{"line":112,"column":3}},"line":90},"3":{"name":"(anonymous_3)","decl":{"start":{"line":95,"column":30},"end":{"line":95,"column":31}},"loc":{"start":{"line":95,"column":55},"end":{"line":108,"column":7}},"line":95},"4":{"name":"(anonymous_4)","decl":{"start":{"line":114,"column":12},"end":{"line":114,"column":13}},"loc":{"start":{"line":114,"column":18},"end":{"line":116,"column":3}},"line":114},"5":{"name":"setTotalCartPrice","decl":{"start":{"line":118,"column":11},"end":{"line":118,"column":28}},"loc":{"start":{"line":118,"column":31},"end":{"line":122,"column":3}},"line":118},"6":{"name":"(anonymous_6)","decl":{"start":{"line":120,"column":18},"end":{"line":120,"column":19}},"loc":{"start":{"line":120,"column":29},"end":{"line":120,"column":55}},"line":120},"7":{"name":"bindLists","decl":{"start":{"line":124,"column":17},"end":{"line":124,"column":26}},"loc":{"start":{"line":124,"column":29},"end":{"line":133,"column":3}},"line":124},"8":{"name":"getItems","decl":{"start":{"line":135,"column":17},"end":{"line":135,"column":25}},"loc":{"start":{"line":135,"column":42},"end":{"line":159,"column":3}},"line":135},"9":{"name":"(anonymous_9)","decl":{"start":{"line":145,"column":12},"end":{"line":145,"column":13}},"loc":{"start":{"line":145,"column":24},"end":{"line":150,"column":7}},"line":145},"10":{"name":"(anonymous_10)","decl":{"start":{"line":151,"column":13},"end":{"line":151,"column":14}},"loc":{"start":{"line":151,"column":32},"end":{"line":156,"column":7}},"line":151},"11":{"name":"getItem","decl":{"start":{"line":161,"column":17},"end":{"line":161,"column":24}},"loc":{"start":{"line":161,"column":53},"end":{"line":183,"column":3}},"line":161},"12":{"name":"(anonymous_12)","decl":{"start":{"line":169,"column":12},"end":{"line":169,"column":13}},"loc":{"start":{"line":169,"column":24},"end":{"line":174,"column":7}},"line":169},"13":{"name":"(anonymous_13)","decl":{"start":{"line":175,"column":13},"end":{"line":175,"column":14}},"loc":{"start":{"line":175,"column":32},"end":{"line":180,"column":7}},"line":175},"14":{"name":"getOrders","decl":{"start":{"line":185,"column":17},"end":{"line":185,"column":26}},"loc":{"start":{"line":185,"column":29},"end":{"line":208,"column":3}},"line":185},"15":{"name":"(anonymous_15)","decl":{"start":{"line":195,"column":12},"end":{"line":195,"column":13}},"loc":{"start":{"line":195,"column":24},"end":{"line":200,"column":7}},"line":195},"16":{"name":"(anonymous_16)","decl":{"start":{"line":201,"column":13},"end":{"line":201,"column":14}},"loc":{"start":{"line":201,"column":32},"end":{"line":206,"column":7}},"line":201},"17":{"name":"setOrder","decl":{"start":{"line":210,"column":17},"end":{"line":210,"column":25}},"loc":{"start":{"line":210,"column":28},"end":{"line":236,"column":3}},"line":210},"18":{"name":"(anonymous_18)","decl":{"start":{"line":225,"column":12},"end":{"line":225,"column":13}},"loc":{"start":{"line":225,"column":24},"end":{"line":229,"column":7}},"line":225},"19":{"name":"(anonymous_19)","decl":{"start":{"line":230,"column":13},"end":{"line":230,"column":14}},"loc":{"start":{"line":230,"column":32},"end":{"line":234,"column":7}},"line":230},"20":{"name":"(anonymous_20)","decl":{"start":{"line":262,"column":25},"end":{"line":262,"column":26}},"loc":{"start":{"line":262,"column":31},"end":{"line":262,"column":56}},"line":262}},"branchMap":{"0":{"loc":{"start":{"line":85,"column":4},"end":{"line":87,"column":5}},"type":"if","locations":[{"start":{"line":85,"column":4},"end":{"line":87,"column":5}},{"start":{},"end":{}}],"line":85},"1":{"loc":{"start":{"line":85,"column":8},"end":{"line":85,"column":53}},"type":"binary-expr","locations":[{"start":{"line":85,"column":8},"end":{"line":85,"column":15}},{"start":{"line":85,"column":19},"end":{"line":85,"column":34}},{"start":{"line":85,"column":38},"end":{"line":85,"column":53}}],"line":85},"2":{"loc":{"start":{"line":94,"column":4},"end":{"line":109,"column":5}},"type":"if","locations":[{"start":{"line":94,"column":4},"end":{"line":109,"column":5}},{"start":{},"end":{}}],"line":94},"3":{"loc":{"start":{"line":96,"column":8},"end":{"line":106,"column":9}},"type":"if","locations":[{"start":{"line":96,"column":8},"end":{"line":106,"column":9}},{"start":{},"end":{}}],"line":96},"4":{"loc":{"start":{"line":111,"column":4},"end":{"line":111,"column":68}},"type":"cond-expr","locations":[{"start":{"line":111,"column":14},"end":{"line":111,"column":35}},{"start":{"line":111,"column":36},"end":{"line":111,"column":68}}],"line":111},"5":{"loc":{"start":{"line":128,"column":4},"end":{"line":131,"column":5}},"type":"if","locations":[{"start":{"line":128,"column":4},"end":{"line":131,"column":5}},{"start":{},"end":{}}],"line":128},"6":{"loc":{"start":{"line":128,"column":8},"end":{"line":128,"column":40}},"type":"binary-expr","locations":[{"start":{"line":128,"column":8},"end":{"line":128,"column":23}},{"start":{"line":128,"column":27},"end":{"line":128,"column":40}}],"line":128},"7":{"loc":{"start":{"line":142,"column":18},"end":{"line":142,"column":53}},"type":"cond-expr","locations":[{"start":{"line":142,"column":34},"end":{"line":142,"column":43}},{"start":{"line":142,"column":46},"end":{"line":142,"column":53}}],"line":142},"8":{"loc":{"start":{"line":153,"column":18},"end":{"line":153,"column":61}},"type":"cond-expr","locations":[{"start":{"line":153,"column":39},"end":{"line":153,"column":57}},{"start":{"line":153,"column":60},"end":{"line":153,"column":61}}],"line":153},"9":{"loc":{"start":{"line":177,"column":18},"end":{"line":177,"column":61}},"type":"cond-expr","locations":[{"start":{"line":177,"column":39},"end":{"line":177,"column":57}},{"start":{"line":177,"column":60},"end":{"line":177,"column":61}}],"line":177},"10":{"loc":{"start":{"line":203,"column":18},"end":{"line":203,"column":61}},"type":"cond-expr","locations":[{"start":{"line":203,"column":39},"end":{"line":203,"column":57}},{"start":{"line":203,"column":60},"end":{"line":203,"column":61}}],"line":203},"11":{"loc":{"start":{"line":232,"column":18},"end":{"line":232,"column":61}},"type":"cond-expr","locations":[{"start":{"line":232,"column":39},"end":{"line":232,"column":57}},{"start":{"line":232,"column":60},"end":{"line":232,"column":61}}],"line":232}},"s":{"0":5,"1":0,"2":0,"3":0,"4":0,"5":0,"6":0,"7":0,"8":0,"9":0,"10":0,"11":0,"12":0,"13":0,"14":0,"15":0,"16":0,"17":0,"18":0,"19":0,"20":0,"21":0,"22":0,"23":0,"24":0,"25":0,"26":0,"27":0,"28":0,"29":0,"30":0,"31":0,"32":0,"33":0,"34":0,"35":0,"36":0,"37":0,"38":0,"39":0,"40":0,"41":0,"42":0,"43":0,"44":0,"45":0,"46":0,"47":0,"48":0,"49":0,"50":5,"51":9},"f":{"0":0,"1":0,"2":0,"3":0,"4":0,"5":0,"6":0,"7":0,"8":0,"9":0,"10":0,"11":0,"12":0,"13":0,"14":0,"15":0,"16":0,"17":0,"18":0,"19":0,"20":9},"b":{"0":[0,0],"1":[0,0,0],"2":[0,0],"3":[0,0],"4":[0,0],"5":[0,0],"6":[0,0],"7":[0,0],"8":[0,0],"9":[0,0],"10":[0,0],"11":[0,0]},"_coverageSchema":"1a1c01bbd47fc00a2c39e90264f33305004495a9","hash":"0377b61b0a3e25e0c7e3fee410b3d9b9c3aa2d00"}
,"D:\\Users\\cesar\\Documents\\GitHub\\fifty-cents-store-front\\src\\Hooks\\useDimensions.ts": {"path":"D:\\Users\\cesar\\Documents\\GitHub\\fifty-cents-store-front\\src\\Hooks\\useDimensions.ts","statementMap":{"0":{"start":{"line":4,"column":53},"end":{"line":4,"column":59}},"1":{"start":{"line":5,"column":2},"end":{"line":8,"column":4}},"2":{"start":{"line":12,"column":50},"end":{"line":14,"column":3}},"3":{"start":{"line":16,"column":2},"end":{"line":23,"column":9}},"4":{"start":{"line":18,"column":6},"end":{"line":18,"column":49}},"5":{"start":{"line":21,"column":4},"end":{"line":21,"column":52}},"6":{"start":{"line":22,"column":4},"end":{"line":22,"column":68}},"7":{"start":{"line":22,"column":17},"end":{"line":22,"column":67}},"8":{"start":{"line":25,"column":2},"end":{"line":25,"column":26}}},"fnMap":{"0":{"name":"getWindowDimensions","decl":{"start":{"line":3,"column":9},"end":{"line":3,"column":28}},"loc":{"start":{"line":3,"column":31},"end":{"line":9,"column":1}},"line":3},"1":{"name":"useDimensions","decl":{"start":{"line":11,"column":9},"end":{"line":11,"column":22}},"loc":{"start":{"line":11,"column":25},"end":{"line":26,"column":1}},"line":11},"2":{"name":"(anonymous_2)","decl":{"start":{"line":16,"column":12},"end":{"line":16,"column":13}},"loc":{"start":{"line":16,"column":18},"end":{"line":23,"column":3}},"line":16},"3":{"name":"handleResize","decl":{"start":{"line":17,"column":13},"end":{"line":17,"column":25}},"loc":{"start":{"line":17,"column":28},"end":{"line":19,"column":5}},"line":17},"4":{"name":"(anonymous_4)","decl":{"start":{"line":22,"column":11},"end":{"line":22,"column":12}},"loc":{"start":{"line":22,"column":17},"end":{"line":22,"column":67}},"line":22}},"branchMap":{},"s":{"0":0,"1":0,"2":0,"3":0,"4":0,"5":0,"6":0,"7":0,"8":0},"f":{"0":0,"1":0,"2":0,"3":0,"4":0},"b":{},"_coverageSchema":"1a1c01bbd47fc00a2c39e90264f33305004495a9","hash":"927e09ab8ae47ea1ec6decf8ccb03997b96547cf"}
,"D:\\Users\\cesar\\Documents\\GitHub\\fifty-cents-store-front\\src\\Pages\\index.tsx": {"path":"D:\\Users\\cesar\\Documents\\GitHub\\fifty-cents-store-front\\src\\Pages\\index.tsx","statementMap":{"0":{"start":{"line":14,"column":2},"end":{"line":25,"column":4}},"1":{"start":{"line":29,"column":2},"end":{"line":40,"column":4}},"2":{"start":{"line":44,"column":21},"end":{"line":44,"column":36}},"3":{"start":{"line":47,"column":4},"end":{"line":51,"column":5}},"4":{"start":{"line":48,"column":6},"end":{"line":48,"column":21}},"5":{"start":{"line":50,"column":6},"end":{"line":50,"column":19}},"6":{"start":{"line":55,"column":4},"end":{"line":59,"column":5}},"7":{"start":{"line":56,"column":6},"end":{"line":56,"column":19}},"8":{"start":{"line":58,"column":6},"end":{"line":58,"column":20}},"9":{"start":{"line":63,"column":4},"end":{"line":67,"column":5}},"10":{"start":{"line":64,"column":6},"end":{"line":64,"column":25}},"11":{"start":{"line":66,"column":6},"end":{"line":66,"column":30}},"12":{"start":{"line":70,"column":2},"end":{"line":81,"column":4}}},"fnMap":{"0":{"name":"Pages","decl":{"start":{"line":13,"column":24},"end":{"line":13,"column":29}},"loc":{"start":{"line":13,"column":32},"end":{"line":26,"column":1}},"line":13},"1":{"name":"Layout","decl":{"start":{"line":28,"column":9},"end":{"line":28,"column":15}},"loc":{"start":{"line":28,"column":18},"end":{"line":41,"column":1}},"line":28},"2":{"name":"LayoutFilter","decl":{"start":{"line":43,"column":9},"end":{"line":43,"column":21}},"loc":{"start":{"line":43,"column":24},"end":{"line":82,"column":1}},"line":43},"3":{"name":"switchHeight","decl":{"start":{"line":46,"column":11},"end":{"line":46,"column":23}},"loc":{"start":{"line":46,"column":26},"end":{"line":52,"column":3}},"line":46},"4":{"name":"switchWidth","decl":{"start":{"line":54,"column":11},"end":{"line":54,"column":22}},"loc":{"start":{"line":54,"column":25},"end":{"line":60,"column":3}},"line":54},"5":{"name":"switchFilter","decl":{"start":{"line":62,"column":11},"end":{"line":62,"column":23}},"loc":{"start":{"line":62,"column":26},"end":{"line":68,"column":3}},"line":62}},"branchMap":{"0":{"loc":{"start":{"line":47,"column":4},"end":{"line":51,"column":5}},"type":"if","locations":[{"start":{"line":47,"column":4},"end":{"line":51,"column":5}},{"start":{"line":49,"column":11},"end":{"line":51,"column":5}}],"line":47},"1":{"loc":{"start":{"line":55,"column":4},"end":{"line":59,"column":5}},"type":"if","locations":[{"start":{"line":55,"column":4},"end":{"line":59,"column":5}},{"start":{"line":57,"column":11},"end":{"line":59,"column":5}}],"line":55},"2":{"loc":{"start":{"line":63,"column":4},"end":{"line":67,"column":5}},"type":"if","locations":[{"start":{"line":63,"column":4},"end":{"line":67,"column":5}},{"start":{"line":65,"column":11},"end":{"line":67,"column":5}}],"line":63}},"s":{"0":0,"1":0,"2":0,"3":0,"4":0,"5":0,"6":0,"7":0,"8":0,"9":0,"10":0,"11":0,"12":0},"f":{"0":0,"1":0,"2":0,"3":0,"4":0,"5":0},"b":{"0":[0,0],"1":[0,0],"2":[0,0]}}
,"D:\\Users\\cesar\\Documents\\GitHub\\fifty-cents-store-front\\src\\Pages\\Checkout\\index.tsx": {"path":"D:\\Users\\cesar\\Documents\\GitHub\\fifty-cents-store-front\\src\\Pages\\Checkout\\index.tsx","statementMap":{"0":{"start":{"line":19,"column":19},"end":{"line":19,"column":32}},"1":{"start":{"line":20,"column":37},"end":{"line":20,"column":48}},"2":{"start":{"line":21,"column":30},"end":{"line":21,"column":41}},"3":{"start":{"line":22,"column":20},"end":{"line":22,"column":35}},"4":{"start":{"line":23,"column":40},"end":{"line":25,"column":5}},"5":{"start":{"line":26,"column":38},"end":{"line":26,"column":58}},"6":{"start":{"line":27,"column":42},"end":{"line":27,"column":62}},"7":{"start":{"line":29,"column":2},"end":{"line":31,"column":9}},"8":{"start":{"line":30,"column":4},"end":{"line":30,"column":19}},"9":{"start":{"line":34,"column":25},"end":{"line":34,"column":41}},"10":{"start":{"line":35,"column":4},"end":{"line":39,"column":5}},"11":{"start":{"line":36,"column":6},"end":{"line":36,"column":23}},"12":{"start":{"line":37,"column":6},"end":{"line":37,"column":24}},"13":{"start":{"line":38,"column":6},"end":{"line":38,"column":28}},"14":{"start":{"line":40,"column":4},"end":{"line":40,"column":31}},"15":{"start":{"line":41,"column":4},"end":{"line":41,"column":35}},"16":{"start":{"line":44,"column":21},"end":{"line":67,"column":3}},"17":{"start":{"line":70,"column":4},"end":{"line":94,"column":5}},"18":{"start":{"line":72,"column":8},"end":{"line":72,"column":45}},"19":{"start":{"line":73,"column":8},"end":{"line":73,"column":43}},"20":{"start":{"line":74,"column":8},"end":{"line":74,"column":47}},"21":{"start":{"line":75,"column":8},"end":{"line":75,"column":14}},"22":{"start":{"line":78,"column":8},"end":{"line":78,"column":45}},"23":{"start":{"line":79,"column":8},"end":{"line":79,"column":43}},"24":{"start":{"line":80,"column":8},"end":{"line":80,"column":47}},"25":{"start":{"line":81,"column":8},"end":{"line":81,"column":14}},"26":{"start":{"line":84,"column":8},"end":{"line":84,"column":45}},"27":{"start":{"line":85,"column":8},"end":{"line":85,"column":43}},"28":{"start":{"line":86,"column":8},"end":{"line":86,"column":47}},"29":{"start":{"line":87,"column":8},"end":{"line":87,"column":14}},"30":{"start":{"line":90,"column":8},"end":{"line":90,"column":45}},"31":{"start":{"line":91,"column":8},"end":{"line":91,"column":43}},"32":{"start":{"line":92,"column":8},"end":{"line":92,"column":47}},"33":{"start":{"line":93,"column":8},"end":{"line":93,"column":14}},"34":{"start":{"line":97,"column":2},"end":{"line":133,"column":4}},"35":{"start":{"line":126,"column":25},"end":{"line":126,"column":38}}},"fnMap":{"0":{"name":"Checkout","decl":{"start":{"line":18,"column":9},"end":{"line":18,"column":17}},"loc":{"start":{"line":18,"column":20},"end":{"line":134,"column":1}},"line":18},"1":{"name":"(anonymous_1)","decl":{"start":{"line":29,"column":12},"end":{"line":29,"column":13}},"loc":{"start":{"line":29,"column":18},"end":{"line":31,"column":3}},"line":29},"2":{"name":"executeOrder","decl":{"start":{"line":33,"column":17},"end":{"line":33,"column":29}},"loc":{"start":{"line":33,"column":32},"end":{"line":42,"column":3}},"line":33},"3":{"name":"switchStatus","decl":{"start":{"line":69,"column":11},"end":{"line":69,"column":23}},"loc":{"start":{"line":69,"column":47},"end":{"line":95,"column":3}},"line":69},"4":{"name":"(anonymous_4)","decl":{"start":{"line":126,"column":19},"end":{"line":126,"column":20}},"loc":{"start":{"line":126,"column":25},"end":{"line":126,"column":38}},"line":126}},"branchMap":{"0":{"loc":{"start":{"line":35,"column":4},"end":{"line":39,"column":5}},"type":"if","locations":[{"start":{"line":35,"column":4},"end":{"line":39,"column":5}},{"start":{},"end":{}}],"line":35},"1":{"loc":{"start":{"line":70,"column":4},"end":{"line":94,"column":5}},"type":"switch","locations":[{"start":{"line":71,"column":6},"end":{"line":75,"column":14}},{"start":{"line":77,"column":6},"end":{"line":81,"column":14}},{"start":{"line":83,"column":6},"end":{"line":87,"column":14}},{"start":{"line":89,"column":6},"end":{"line":93,"column":14}}],"line":70},"2":{"loc":{"start":{"line":97,"column":9},"end":{"line":133,"column":3}},"type":"cond-expr","locations":[{"start":{"line":98,"column":4},"end":{"line":100,"column":13}},{"start":{"line":102,"column":4},"end":{"line":132,"column":11}}],"line":97},"3":{"loc":{"start":{"line":104,"column":9},"end":{"line":104,"column":39}},"type":"cond-expr","locations":[{"start":{"line":104,"column":25},"end":{"line":104,"column":30}},{"start":{"line":104,"column":33},"end":{"line":104,"column":39}}],"line":104},"4":{"loc":{"start":{"line":127,"column":23},"end":{"line":127,"column":54}},"type":"cond-expr","locations":[{"start":{"line":127,"column":39},"end":{"line":127,"column":46}},{"start":{"line":127,"column":49},"end":{"line":127,"column":54}}],"line":127}},"s":{"0":0,"1":0,"2":0,"3":0,"4":0,"5":0,"6":0,"7":0,"8":0,"9":0,"10":0,"11":0,"12":0,"13":0,"14":0,"15":0,"16":0,"17":0,"18":0,"19":0,"20":0,"21":0,"22":0,"23":0,"24":0,"25":0,"26":0,"27":0,"28":0,"29":0,"30":0,"31":0,"32":0,"33":0,"34":0,"35":0},"f":{"0":0,"1":0,"2":0,"3":0,"4":0},"b":{"0":[0,0],"1":[0,0,0,0],"2":[0,0],"3":[0,0],"4":[0,0]}}
,"D:\\Users\\cesar\\Documents\\GitHub\\fifty-cents-store-front\\src\\Pages\\Home\\index.tsx": {"path":"D:\\Users\\cesar\\Documents\\GitHub\\fifty-cents-store-front\\src\\Pages\\Home\\index.tsx","statementMap":{"0":{"start":{"line":14,"column":23},"end":{"line":14,"column":34}},"1":{"start":{"line":15,"column":21},"end":{"line":15,"column":36}},"2":{"start":{"line":18,"column":4},"end":{"line":22,"column":5}},"3":{"start":{"line":19,"column":6},"end":{"line":19,"column":26}},"4":{"start":{"line":21,"column":6},"end":{"line":21,"column":22}},"5":{"start":{"line":25,"column":2},"end":{"line":51,"column":4}},"6":{"start":{"line":40,"column":10},"end":{"line":47,"column":17}}},"fnMap":{"0":{"name":"Home","decl":{"start":{"line":13,"column":9},"end":{"line":13,"column":13}},"loc":{"start":{"line":13,"column":16},"end":{"line":52,"column":1}},"line":13},"1":{"name":"switchJustify","decl":{"start":{"line":17,"column":11},"end":{"line":17,"column":24}},"loc":{"start":{"line":17,"column":27},"end":{"line":23,"column":3}},"line":17},"2":{"name":"(anonymous_2)","decl":{"start":{"line":39,"column":23},"end":{"line":39,"column":24}},"loc":{"start":{"line":40,"column":10},"end":{"line":47,"column":17}},"line":40}},"branchMap":{"0":{"loc":{"start":{"line":18,"column":4},"end":{"line":22,"column":5}},"type":"if","locations":[{"start":{"line":18,"column":4},"end":{"line":22,"column":5}},{"start":{"line":20,"column":11},"end":{"line":22,"column":5}}],"line":18},"1":{"loc":{"start":{"line":25,"column":9},"end":{"line":51,"column":3}},"type":"cond-expr","locations":[{"start":{"line":26,"column":4},"end":{"line":28,"column":13}},{"start":{"line":30,"column":4},"end":{"line":50,"column":11}}],"line":25}},"s":{"0":0,"1":0,"2":0,"3":0,"4":0,"5":0,"6":0},"f":{"0":0,"1":0,"2":0},"b":{"0":[0,0],"1":[0,0]}}
,"D:\\Users\\cesar\\Documents\\GitHub\\fifty-cents-store-front\\src\\Pages\\Item\\index.tsx": {"path":"D:\\Users\\cesar\\Documents\\GitHub\\fifty-cents-store-front\\src\\Pages\\Item\\index.tsx","statementMap":{"0":{"start":{"line":26,"column":17},"end":{"line":26,"column":36}},"1":{"start":{"line":27,"column":37},"end":{"line":27,"column":48}},"2":{"start":{"line":28,"column":26},"end":{"line":28,"column":41}},"3":{"start":{"line":29,"column":19},"end":{"line":29,"column":32}},"4":{"start":{"line":31,"column":2},"end":{"line":33,"column":9}},"5":{"start":{"line":32,"column":4},"end":{"line":32,"column":13}},"6":{"start":{"line":36,"column":4},"end":{"line":41,"column":5}},"7":{"start":{"line":37,"column":27},"end":{"line":37,"column":42}},"8":{"start":{"line":38,"column":19},"end":{"line":38,"column":44}},"9":{"start":{"line":39,"column":6},"end":{"line":39,"column":20}},"10":{"start":{"line":40,"column":6},"end":{"line":40,"column":24}},"11":{"start":{"line":44,"column":2},"end":{"line":173,"column":4}},"12":{"start":{"line":57,"column":27},"end":{"line":57,"column":40}},"13":{"start":{"line":75,"column":16},"end":{"line":75,"column":45}},"14":{"start":{"line":143,"column":16},"end":{"line":149,"column":19}}},"fnMap":{"0":{"name":"Item","decl":{"start":{"line":25,"column":9},"end":{"line":25,"column":13}},"loc":{"start":{"line":25,"column":16},"end":{"line":174,"column":1}},"line":25},"1":{"name":"(anonymous_1)","decl":{"start":{"line":31,"column":12},"end":{"line":31,"column":13}},"loc":{"start":{"line":31,"column":18},"end":{"line":33,"column":3}},"line":31},"2":{"name":"onload","decl":{"start":{"line":35,"column":17},"end":{"line":35,"column":23}},"loc":{"start":{"line":35,"column":26},"end":{"line":42,"column":3}},"line":35},"3":{"name":"(anonymous_3)","decl":{"start":{"line":57,"column":21},"end":{"line":57,"column":22}},"loc":{"start":{"line":57,"column":27},"end":{"line":57,"column":40}},"line":57},"4":{"name":"(anonymous_4)","decl":{"start":{"line":74,"column":32},"end":{"line":74,"column":33}},"loc":{"start":{"line":74,"column":51},"end":{"line":76,"column":15}},"line":74},"5":{"name":"(anonymous_5)","decl":{"start":{"line":142,"column":23},"end":{"line":142,"column":24}},"loc":{"start":{"line":142,"column":29},"end":{"line":150,"column":15}},"line":142}},"branchMap":{"0":{"loc":{"start":{"line":36,"column":4},"end":{"line":41,"column":5}},"type":"if","locations":[{"start":{"line":36,"column":4},"end":{"line":41,"column":5}},{"start":{},"end":{}}],"line":36},"1":{"loc":{"start":{"line":44,"column":9},"end":{"line":173,"column":3}},"type":"cond-expr","locations":[{"start":{"line":45,"column":4},"end":{"line":47,"column":13}},{"start":{"line":49,"column":4},"end":{"line":172,"column":11}}],"line":44},"2":{"loc":{"start":{"line":78,"column":13},"end":{"line":80,"column":13}},"type":"binary-expr","locations":[{"start":{"line":78,"column":13},"end":{"line":78,"column":29}},{"start":{"line":79,"column":14},"end":{"line":79,"column":71}}],"line":78},"3":{"loc":{"start":{"line":121,"column":15},"end":{"line":132,"column":15}},"type":"binary-expr","locations":[{"start":{"line":121,"column":15},"end":{"line":121,"column":32}},{"start":{"line":122,"column":16},"end":{"line":131,"column":25}}],"line":121},"4":{"loc":{"start":{"line":139,"column":27},"end":{"line":139,"column":62}},"type":"cond-expr","locations":[{"start":{"line":139,"column":46},"end":{"line":139,"column":51}},{"start":{"line":139,"column":54},"end":{"line":139,"column":62}}],"line":139},"5":{"loc":{"start":{"line":140,"column":21},"end":{"line":140,"column":57}},"type":"cond-expr","locations":[{"start":{"line":140,"column":40},"end":{"line":140,"column":47}},{"start":{"line":140,"column":50},"end":{"line":140,"column":57}}],"line":140}},"s":{"0":0,"1":0,"2":0,"3":0,"4":0,"5":0,"6":0,"7":0,"8":0,"9":0,"10":0,"11":0,"12":0,"13":0,"14":0},"f":{"0":0,"1":0,"2":0,"3":0,"4":0,"5":0},"b":{"0":[0,0],"1":[0,0],"2":[0,0],"3":[0,0],"4":[0,0],"5":[0,0]}}
,"D:\\Users\\cesar\\Documents\\GitHub\\fifty-cents-store-front\\src\\Pages\\Orders\\index.tsx": {"path":"D:\\Users\\cesar\\Documents\\GitHub\\fifty-cents-store-front\\src\\Pages\\Orders\\index.tsx","statementMap":{"0":{"start":{"line":41,"column":24},"end":{"line":41,"column":35}},"1":{"start":{"line":42,"column":28},"end":{"line":42,"column":51}},"2":{"start":{"line":43,"column":56},"end":{"line":43,"column":67}},"3":{"start":{"line":44,"column":19},"end":{"line":44,"column":32}},"4":{"start":{"line":46,"column":2},"end":{"line":48,"column":9}},"5":{"start":{"line":47,"column":4},"end":{"line":47,"column":13}},"6":{"start":{"line":51,"column":29},"end":{"line":51,"column":46}},"7":{"start":{"line":52,"column":4},"end":{"line":52,"column":35}},"8":{"start":{"line":53,"column":4},"end":{"line":53,"column":19}},"9":{"start":{"line":56,"column":21},"end":{"line":56,"column":36}},"10":{"start":{"line":59,"column":4},"end":{"line":63,"column":5}},"11":{"start":{"line":60,"column":6},"end":{"line":60,"column":19}},"12":{"start":{"line":62,"column":6},"end":{"line":62,"column":20}},"13":{"start":{"line":66,"column":2},"end":{"line":121,"column":4}},"14":{"start":{"line":88,"column":29},"end":{"line":88,"column":42}},"15":{"start":{"line":114,"column":18},"end":{"line":114,"column":66}}},"fnMap":{"0":{"name":"Orders","decl":{"start":{"line":40,"column":9},"end":{"line":40,"column":15}},"loc":{"start":{"line":40,"column":18},"end":{"line":122,"column":1}},"line":40},"1":{"name":"(anonymous_1)","decl":{"start":{"line":46,"column":12},"end":{"line":46,"column":13}},"loc":{"start":{"line":46,"column":18},"end":{"line":48,"column":3}},"line":46},"2":{"name":"onload","decl":{"start":{"line":50,"column":17},"end":{"line":50,"column":23}},"loc":{"start":{"line":50,"column":26},"end":{"line":54,"column":3}},"line":50},"3":{"name":"switchWidth","decl":{"start":{"line":58,"column":11},"end":{"line":58,"column":22}},"loc":{"start":{"line":58,"column":25},"end":{"line":64,"column":3}},"line":58},"4":{"name":"(anonymous_4)","decl":{"start":{"line":88,"column":23},"end":{"line":88,"column":24}},"loc":{"start":{"line":88,"column":29},"end":{"line":88,"column":42}},"line":88},"5":{"name":"(anonymous_5)","decl":{"start":{"line":113,"column":26},"end":{"line":113,"column":27}},"loc":{"start":{"line":114,"column":18},"end":{"line":114,"column":66}},"line":114}},"branchMap":{"0":{"loc":{"start":{"line":59,"column":4},"end":{"line":63,"column":5}},"type":"if","locations":[{"start":{"line":59,"column":4},"end":{"line":63,"column":5}},{"start":{"line":61,"column":11},"end":{"line":63,"column":5}}],"line":59},"1":{"loc":{"start":{"line":66,"column":9},"end":{"line":121,"column":3}},"type":"cond-expr","locations":[{"start":{"line":67,"column":4},"end":{"line":75,"column":7}},{"start":{"line":77,"column":4},"end":{"line":120,"column":7}}],"line":66},"2":{"loc":{"start":{"line":112,"column":15},"end":{"line":115,"column":18}},"type":"binary-expr","locations":[{"start":{"line":112,"column":15},"end":{"line":112,"column":41}},{"start":{"line":113,"column":16},"end":{"line":115,"column":18}}],"line":112}},"s":{"0":0,"1":0,"2":0,"3":0,"4":0,"5":0,"6":0,"7":0,"8":0,"9":0,"10":0,"11":0,"12":0,"13":0,"14":0,"15":0},"f":{"0":0,"1":0,"2":0,"3":0,"4":0,"5":0},"b":{"0":[0,0],"1":[0,0],"2":[0,0]}}
,"D:\\Users\\cesar\\Documents\\GitHub\\fifty-cents-store-front\\src\\Tests\\setupTests.ts": {"path":"D:\\Users\\cesar\\Documents\\GitHub\\fifty-cents-store-front\\src\\Tests\\setupTests.ts","statementMap":{},"fnMap":{},"branchMap":{},"s":{},"f":{},"b":{}}
}
