TN:
SF:src\index.tsx
FNF:0
FNH:0
DA:13,0
DA:17,0
DA:40,0
LF:3
LH:0
BRF:0
BRH:0
end_of_record
TN:
SF:src\reportWebVitals.ts
FN:3,(anonymous_0)
FN:5,(anonymous_1)
FNF:2
FNH:0
FNDA:0,(anonymous_0)
FNDA:0,(anonymous_1)
DA:3,0
DA:4,0
DA:5,0
DA:6,0
DA:7,0
DA:8,0
DA:9,0
DA:10,0
LF:8
LH:0
BRDA:4,0,0,0
BRDA:4,0,1,0
BRDA:4,1,0,0
BRDA:4,1,1,0
BRF:4
BRH:0
end_of_record
TN:
SF:src\Api\index.ts
FNF:0
FNH:0
DA:3,8
DA:5,8
DA:9,8
DA:16,8
DA:23,8
DA:30,8
LF:6
LH:6
BRDA:5,0,0,0
BRDA:5,0,1,8
BRF:2
BRH:1
end_of_record
TN:
SF:src\Components\Filters\index.tsx
FN:13,Filters
FN:55,removeFilterCategory
FN:58,(anonymous_2)
FN:62,adicionarFilterCategory
FN:67,removeFilterMaterial
FN:70,(anonymous_5)
FN:74,adicionarFilterMaterial
FN:103,(anonymous_7)
FN:124,(anonymous_8)
FN:140,(anonymous_9)
FN:161,(anonymous_10)
FNF:11
FNH:9
FNDA:4,Filters
FNDA:17,removeFilterCategory
FNDA:0,(anonymous_2)
FNDA:34,adicionarFilterCategory
FNDA:11,removeFilterMaterial
FNDA:0,(anonymous_5)
FNDA:22,adicionarFilterMaterial
FNDA:68,(anonymous_7)
FNDA:51,(anonymous_8)
FNDA:44,(anonymous_9)
FNDA:33,(anonymous_10)
DA:19,4
DA:21,4
DA:35,4
DA:56,17
DA:58,0
DA:59,17
DA:63,34
DA:64,34
DA:68,11
DA:70,0
DA:71,11
DA:75,22
DA:76,22
DA:79,4
DA:104,68
DA:125,51
DA:141,44
DA:162,33
LF:18
LH:16
BRDA:122,0,0,68
BRDA:122,0,1,17
BRDA:125,1,0,34
BRDA:125,1,1,17
BRDA:159,2,0,44
BRDA:159,2,1,11
BRDA:162,3,0,22
BRDA:162,3,1,11
BRF:8
BRH:8
end_of_record
TN:
SF:src\Components\Informations\index.tsx
FN:14,Informations
FNF:1
FNH:1
FNDA:3,Informations
DA:15,3
LF:1
LH:1
BRF:0
BRH:0
end_of_record
TN:
SF:src\Components\ItemCard\index.tsx
FN:17,ItemCard
FN:19,switchWidth
FNF:2
FNH:2
FNDA:2,ItemCard
FNDA:2,switchWidth
DA:18,2
DA:20,2
DA:21,2
DA:23,0
DA:27,2
LF:5
LH:4
BRDA:20,0,0,2
BRDA:20,0,1,0
BRDA:39,1,0,2
BRDA:39,1,1,1
BRF:4
BRH:3
end_of_record
TN:
SF:src\Components\ItemCart\index.tsx
FN:21,ItemCart
FN:40,(anonymous_1)
FN:65,(anonymous_2)
FNF:3
FNH:3
FNDA:13,ItemCart
FNDA:2,(anonymous_1)
FNDA:3,(anonymous_2)
DA:30,13
DA:41,2
DA:66,3
LF:3
LH:3
BRF:0
BRH:0
end_of_record
TN:
SF:src\Components\Login\index.tsx
FN:17,Login
FN:22,handlerSubmit
FN:63,(anonymous_2)
FN:85,(anonymous_3)
FNF:4
FNH:4
FNDA:13,Login
FNDA:1,handlerSubmit
FNDA:1,(anonymous_2)
FNDA:1,(anonymous_3)
DA:18,13
DA:19,13
DA:20,13
DA:23,1
DA:25,1
DA:27,1
DA:28,1
DA:29,1
DA:31,0
DA:35,13
DA:64,1
DA:86,1
LF:12
LH:11
BRDA:27,0,0,1
BRDA:27,0,1,0
BRDA:27,1,0,1
BRDA:27,1,1,1
BRDA:35,2,0,1
BRDA:35,2,1,12
BRF:6
BRH:5
end_of_record
TN:
SF:src\Components\OrderCard\index.tsx
FN:31,OrderCard
FN:68,(anonymous_1)
FNF:2
FNH:2
FNDA:1,OrderCard
FNDA:2,(anonymous_1)
DA:32,1
DA:34,1
DA:35,1
DA:69,2
LF:4
LH:4
BRF:0
BRH:0
end_of_record
TN:
SF:src\Components\Register\index.tsx
FN:26,Register
FN:37,handlerSubmit
FN:85,(anonymous_2)
FN:107,(anonymous_3)
FN:128,(anonymous_4)
FN:150,(anonymous_5)
FN:172,(anonymous_6)
FNF:7
FNH:7
FNDA:11,Register
FNDA:1,handlerSubmit
FNDA:1,(anonymous_2)
FNDA:1,(anonymous_3)
FNDA:1,(anonymous_4)
FNDA:1,(anonymous_5)
FNDA:1,(anonymous_6)
DA:27,11
DA:28,11
DA:29,11
DA:30,11
DA:31,11
DA:33,11
DA:35,11
DA:38,1
DA:39,1
DA:41,1
DA:48,1
DA:49,1
DA:55,1
DA:57,0
DA:58,0
DA:61,11
DA:86,1
DA:108,1
DA:129,1
DA:151,1
DA:173,1
LF:21
LH:19
BRDA:41,0,0,1
BRDA:41,0,1,0
BRDA:42,1,0,1
BRDA:42,1,1,1
BRDA:42,1,2,1
BRDA:42,1,3,1
BRDA:42,1,4,1
BRDA:61,2,0,1
BRDA:61,2,1,10
BRF:9
BRH:8
end_of_record
TN:
SF:src\Components\Search\index.tsx
FN:12,Search
FN:16,handlerSubmit
FN:28,(anonymous_2)
FNF:3
FNH:3
FNDA:5,Search
FNDA:1,handlerSubmit
FNDA:1,(anonymous_2)
DA:13,5
DA:14,5
DA:17,1
DA:20,5
DA:28,1
LF:5
LH:5
BRDA:12,0,0,4
BRF:1
BRH:1
end_of_record
TN:
SF:src\Components\Warnning\index.tsx
FN:16,Warnning
FN:46,(anonymous_1)
FN:50,switchStatus
FN:91,(anonymous_3)
FNF:4
FNH:4
FNDA:34,Warnning
FNDA:21,(anonymous_1)
FNDA:21,switchStatus
FNDA:1,(anonymous_3)
DA:17,34
DA:20,34
DA:22,34
DA:46,34
DA:47,21
DA:51,21
DA:53,2
DA:54,2
DA:55,2
DA:58,1
DA:59,1
DA:60,1
DA:63,1
DA:64,1
DA:65,1
DA:68,1
DA:69,1
DA:70,1
DA:73,1
DA:74,1
DA:75,1
DA:79,34
DA:91,1
LF:23
LH:23
BRDA:51,0,0,2
BRDA:51,0,1,1
BRDA:51,0,2,1
BRDA:51,0,3,1
BRDA:51,0,4,1
BRDA:79,1,0,22
BRDA:79,1,1,12
BRDA:79,2,0,34
BRDA:79,2,1,14
BRF:9
BRH:9
end_of_record
TN:
SF:src\Containers\Cart\index.tsx
FN:26,Cart
FN:34,removeItem
FN:35,(anonymous_2)
FN:45,setItemQuantity
FN:46,(anonymous_4)
FN:70,(anonymous_5)
FN:125,(anonymous_6)
FN:142,(anonymous_7)
FNF:8
FNH:8
FNDA:22,Cart
FNDA:2,removeItem
FNDA:4,(anonymous_2)
FNDA:1,setItemQuantity
FNDA:2,(anonymous_4)
FNDA:5,(anonymous_5)
FNDA:32,(anonymous_6)
FNDA:1,(anonymous_7)
DA:27,22
DA:29,22
DA:30,22
DA:32,22
DA:35,2
DA:36,4
DA:37,2
DA:39,2
DA:42,2
DA:46,1
DA:47,2
DA:48,1
DA:56,1
DA:60,1
DA:63,22
DA:70,5
DA:126,32
DA:143,1
DA:144,1
LF:19
LH:19
BRDA:36,0,0,2
BRDA:36,0,1,2
BRDA:36,1,0,4
BRDA:36,1,1,2
BRDA:47,2,0,1
BRDA:47,2,1,1
BRDA:47,3,0,2
BRDA:47,3,1,2
BRF:8
BRH:8
end_of_record
TN:
SF:src\Containers\DrawerFilter\index.tsx
FN:11,DrawerFilter
FNF:1
FNH:1
FNDA:3,DrawerFilter
DA:12,3
DA:13,3
LF:2
LH:2
BRF:0
BRH:0
end_of_record
TN:
SF:src\Containers\Header\index.tsx
FN:11,Header
FN:16,switchWidth
FN:35,(anonymous_2)
FN:40,(anonymous_3)
FN:54,(anonymous_4)
FNF:5
FNH:3
FNDA:4,Header
FNDA:4,switchWidth
FNDA:0,(anonymous_2)
FNDA:0,(anonymous_3)
FNDA:1,(anonymous_4)
DA:12,4
DA:13,4
DA:14,4
DA:17,4
DA:18,1
DA:20,3
DA:24,4
DA:35,0
DA:40,0
DA:54,1
LF:10
LH:8
BRDA:17,0,0,1
BRDA:17,0,1,3
BRDA:29,1,0,1
BRDA:29,1,1,3
BRDA:39,2,0,1
BRDA:39,2,1,3
BRDA:43,3,0,1
BRDA:43,3,1,2
BRF:8
BRH:8
end_of_record
TN:
SF:src\Containers\User\index.tsx
FN:22,User
FN:64,(anonymous_1)
FN:74,(anonymous_2)
FNF:3
FNH:3
FNDA:10,User
FNDA:2,(anonymous_1)
FNDA:1,(anonymous_2)
DA:23,10
DA:25,10
DA:27,10
DA:64,2
DA:74,1
LF:5
LH:5
BRDA:43,0,0,1
BRDA:43,0,1,9
BRDA:54,1,0,1
BRDA:54,1,1,9
BRDA:58,2,0,7
BRDA:58,2,1,2
BRDA:82,3,0,1
BRDA:82,3,1,9
BRDA:84,4,0,7
BRDA:84,4,1,2
BRF:10
BRH:10
end_of_record
TN:
SF:src\Context\Auth\AuthContext.tsx
FN:39,AuthProvider
FN:51,(anonymous_1)
FN:55,RetrieveSection
FN:61,handlerLogin
FN:67,(anonymous_4)
FN:73,(anonymous_5)
FN:94,handlerLogout
FN:105,handlerRegister
FN:113,(anonymous_8)
FN:119,(anonymous_9)
FN:156,(anonymous_10)
FNF:11
FNH:11
FNDA:12,AuthProvider
FNDA:5,(anonymous_1)
FNDA:5,RetrieveSection
FNDA:2,handlerLogin
FNDA:1,(anonymous_4)
FNDA:1,(anonymous_5)
FNDA:1,handlerLogout
FNDA:2,handlerRegister
FNDA:1,(anonymous_8)
FNDA:1,(anonymous_9)
FNDA:21,(anonymous_10)
DA:22,7
DA:40,12
DA:41,12
DA:42,12
DA:48,12
DA:49,12
DA:51,12
DA:52,5
DA:56,5
DA:57,0
DA:62,2
DA:68,1
DA:74,1
DA:80,2
DA:81,1
DA:82,1
DA:83,1
DA:84,1
DA:85,1
DA:86,1
DA:87,1
DA:88,1
DA:91,2
DA:95,1
DA:96,1
DA:97,1
DA:98,1
DA:99,1
DA:100,1
DA:101,1
DA:102,1
DA:106,2
DA:114,1
DA:120,1
DA:126,2
DA:127,1
DA:128,1
DA:129,1
DA:130,1
DA:131,1
DA:132,1
DA:133,1
DA:134,1
DA:137,2
DA:140,12
DA:156,21
LF:46
LH:45
BRDA:56,0,0,0
BRDA:56,0,1,5
BRDA:75,1,0,0
BRDA:75,1,1,1
BRDA:80,2,0,1
BRDA:80,2,1,1
BRDA:121,3,0,0
BRDA:121,3,1,1
BRDA:126,4,0,1
BRDA:126,4,1,1
BRF:10
BRH:7
end_of_record
TN:
SF:src\Context\Global\GlobalContext.tsx
FN:73,GlobalProvider
FN:84,(anonymous_1)
FN:90,addItemtoCart
FN:95,(anonymous_3)
FN:114,(anonymous_4)
FN:118,setTotalCartPrice
FN:120,(anonymous_6)
FN:124,bindLists
FN:135,getItems
FN:145,(anonymous_9)
FN:151,(anonymous_10)
FN:161,getItem
FN:169,(anonymous_12)
FN:175,(anonymous_13)
FN:185,getOrders
FN:195,(anonymous_15)
FN:201,(anonymous_16)
FN:210,setOrder
FN:225,(anonymous_18)
FN:230,(anonymous_19)
FN:262,(anonymous_20)
FNF:21
FNH:1
FNDA:0,GlobalProvider
FNDA:0,(anonymous_1)
FNDA:0,addItemtoCart
FNDA:0,(anonymous_3)
FNDA:0,(anonymous_4)
FNDA:0,setTotalCartPrice
FNDA:0,(anonymous_6)
FNDA:0,bindLists
FNDA:0,getItems
FNDA:0,(anonymous_9)
FNDA:0,(anonymous_10)
FNDA:0,getItem
FNDA:0,(anonymous_12)
FNDA:0,(anonymous_13)
FNDA:0,getOrders
FNDA:0,(anonymous_15)
FNDA:0,(anonymous_16)
FNDA:0,setOrder
FNDA:0,(anonymous_18)
FNDA:0,(anonymous_19)
FNDA:9,(anonymous_20)
DA:24,5
DA:74,0
DA:76,0
DA:78,0
DA:79,0
DA:80,0
DA:81,0
DA:82,0
DA:84,0
DA:85,0
DA:86,0
DA:91,0
DA:92,0
DA:94,0
DA:95,0
DA:96,0
DA:97,0
DA:104,0
DA:105,0
DA:107,0
DA:111,0
DA:114,0
DA:115,0
DA:119,0
DA:120,0
DA:121,0
DA:125,0
DA:126,0
DA:128,0
DA:129,0
DA:130,0
DA:132,0
DA:136,0
DA:146,0
DA:152,0
DA:158,0
DA:162,0
DA:170,0
DA:176,0
DA:182,0
DA:186,0
DA:196,0
DA:202,0
DA:207,0
DA:211,0
DA:226,0
DA:231,0
DA:235,0
DA:238,0
DA:262,9
LF:50
LH:2
BRDA:85,0,0,0
BRDA:85,0,1,0
BRDA:85,1,0,0
BRDA:85,1,1,0
BRDA:85,1,2,0
BRDA:94,2,0,0
BRDA:94,2,1,0
BRDA:96,3,0,0
BRDA:96,3,1,0
BRDA:111,4,0,0
BRDA:111,4,1,0
BRDA:128,5,0,0
BRDA:128,5,1,0
BRDA:128,6,0,0
BRDA:128,6,1,0
BRDA:142,7,0,0
BRDA:142,7,1,0
BRDA:153,8,0,0
BRDA:153,8,1,0
BRDA:177,9,0,0
BRDA:177,9,1,0
BRDA:203,10,0,0
BRDA:203,10,1,0
BRDA:232,11,0,0
BRDA:232,11,1,0
BRF:25
BRH:0
end_of_record
TN:
SF:src\Hooks\useDimensions.ts
FN:3,getWindowDimensions
FN:11,useDimensions
FN:16,(anonymous_2)
FN:17,handleResize
FN:22,(anonymous_4)
FNF:5
FNH:0
FNDA:0,getWindowDimensions
FNDA:0,useDimensions
FNDA:0,(anonymous_2)
FNDA:0,handleResize
FNDA:0,(anonymous_4)
DA:4,0
DA:5,0
DA:12,0
DA:16,0
DA:18,0
DA:21,0
DA:22,0
DA:25,0
LF:8
LH:0
BRF:0
BRH:0
end_of_record
TN:
SF:src\Pages\index.tsx
FN:13,Pages
FN:28,Layout
FN:43,LayoutFilter
FN:46,switchHeight
FN:54,switchWidth
FN:62,switchFilter
FNF:6
FNH:0
FNDA:0,Pages
FNDA:0,Layout
FNDA:0,LayoutFilter
FNDA:0,switchHeight
FNDA:0,switchWidth
FNDA:0,switchFilter
DA:14,0
DA:29,0
DA:44,0
DA:47,0
DA:48,0
DA:50,0
DA:55,0
DA:56,0
DA:58,0
DA:63,0
DA:64,0
DA:66,0
DA:70,0
LF:13
LH:0
BRDA:47,0,0,0
BRDA:47,0,1,0
BRDA:55,1,0,0
BRDA:55,1,1,0
BRDA:63,2,0,0
BRDA:63,2,1,0
BRF:6
BRH:0
end_of_record
TN:
SF:src\Pages\Checkout\index.tsx
FN:18,Checkout
FN:29,(anonymous_1)
FN:33,executeOrder
FN:69,switchStatus
FN:126,(anonymous_4)
FNF:5
FNH:0
FNDA:0,Checkout
FNDA:0,(anonymous_1)
FNDA:0,executeOrder
FNDA:0,switchStatus
FNDA:0,(anonymous_4)
DA:19,0
DA:20,0
DA:21,0
DA:22,0
DA:23,0
DA:26,0
DA:27,0
DA:29,0
DA:30,0
DA:34,0
DA:35,0
DA:36,0
DA:37,0
DA:38,0
DA:40,0
DA:41,0
DA:44,0
DA:70,0
DA:72,0
DA:73,0
DA:74,0
DA:75,0
DA:78,0
DA:79,0
DA:80,0
DA:81,0
DA:84,0
DA:85,0
DA:86,0
DA:87,0
DA:90,0
DA:91,0
DA:92,0
DA:93,0
DA:97,0
DA:126,0
LF:36
LH:0
BRDA:35,0,0,0
BRDA:35,0,1,0
BRDA:70,1,0,0
BRDA:70,1,1,0
BRDA:70,1,2,0
BRDA:70,1,3,0
BRDA:97,2,0,0
BRDA:97,2,1,0
BRDA:104,3,0,0
BRDA:104,3,1,0
BRDA:127,4,0,0
BRDA:127,4,1,0
BRF:12
BRH:0
end_of_record
TN:
SF:src\Pages\Home\index.tsx
FN:13,Home
FN:17,switchJustify
FN:39,(anonymous_2)
FNF:3
FNH:0
FNDA:0,Home
FNDA:0,switchJustify
FNDA:0,(anonymous_2)
DA:14,0
DA:15,0
DA:18,0
DA:19,0
DA:21,0
DA:25,0
DA:40,0
LF:7
LH:0
BRDA:18,0,0,0
BRDA:18,0,1,0
BRDA:25,1,0,0
BRDA:25,1,1,0
BRF:4
BRH:0
end_of_record
TN:
SF:src\Pages\Item\index.tsx
FN:25,Item
FN:31,(anonymous_1)
FN:35,onload
FN:57,(anonymous_3)
FN:74,(anonymous_4)
FN:142,(anonymous_5)
FNF:6
FNH:0
FNDA:0,Item
FNDA:0,(anonymous_1)
FNDA:0,onload
FNDA:0,(anonymous_3)
FNDA:0,(anonymous_4)
FNDA:0,(anonymous_5)
DA:26,0
DA:27,0
DA:28,0
DA:29,0
DA:31,0
DA:32,0
DA:36,0
DA:37,0
DA:38,0
DA:39,0
DA:40,0
DA:44,0
DA:57,0
DA:75,0
DA:143,0
LF:15
LH:0
BRDA:36,0,0,0
BRDA:36,0,1,0
BRDA:44,1,0,0
BRDA:44,1,1,0
BRDA:78,2,0,0
BRDA:78,2,1,0
BRDA:121,3,0,0
BRDA:121,3,1,0
BRDA:139,4,0,0
BRDA:139,4,1,0
BRDA:140,5,0,0
BRDA:140,5,1,0
BRF:12
BRH:0
end_of_record
TN:
SF:src\Pages\Orders\index.tsx
FN:40,Orders
FN:46,(anonymous_1)
FN:50,onload
FN:58,switchWidth
FN:88,(anonymous_4)
FN:113,(anonymous_5)
FNF:6
FNH:0
FNDA:0,Orders
FNDA:0,(anonymous_1)
FNDA:0,onload
FNDA:0,switchWidth
FNDA:0,(anonymous_4)
FNDA:0,(anonymous_5)
DA:41,0
DA:42,0
DA:43,0
DA:44,0
DA:46,0
DA:47,0
DA:51,0
DA:52,0
DA:53,0
DA:56,0
DA:59,0
DA:60,0
DA:62,0
DA:66,0
DA:88,0
DA:114,0
LF:16
LH:0
BRDA:59,0,0,0
BRDA:59,0,1,0
BRDA:66,1,0,0
BRDA:66,1,1,0
BRDA:112,2,0,0
BRDA:112,2,1,0
BRF:6
BRH:0
end_of_record
TN:
SF:src\Tests\setupTests.ts
FNF:0
FNH:0
LF:0
LH:0
BRF:0
BRH:0
end_of_record
